ARM GAS  C:\Users\User\AppData\Local\Temp\ccL6QjMo.s 			page 1


   1              		.cpu cortex-m4
   2              		.arch armv7e-m
   3              		.fpu fpv4-sp-d16
   4              		.eabi_attribute 27, 1
   5              		.eabi_attribute 28, 1
   6              		.eabi_attribute 20, 1
   7              		.eabi_attribute 21, 1
   8              		.eabi_attribute 23, 3
   9              		.eabi_attribute 24, 1
  10              		.eabi_attribute 25, 1
  11              		.eabi_attribute 26, 1
  12              		.eabi_attribute 30, 1
  13              		.eabi_attribute 34, 1
  14              		.eabi_attribute 18, 4
  15              		.file	"adt7422.c"
  16              		.text
  17              	.Ltext0:
  18              		.cfi_sections	.debug_frame
  19              		.file 1 "Core/Src/adt7422.c"
  20              		.section	.text.adt7422_init,"ax",%progbits
  21              		.align	1
  22              		.global	adt7422_init
  23              		.syntax unified
  24              		.thumb
  25              		.thumb_func
  27              	adt7422_init:
  28              	.LFB130:
   1:Core/Src/adt7422.c **** #include "adt7422.h"
   2:Core/Src/adt7422.c **** 
   3:Core/Src/adt7422.c **** 
   4:Core/Src/adt7422.c **** void adt7422_init()
   5:Core/Src/adt7422.c **** {
  29              		.loc 1 5 1 view -0
  30              		.cfi_startproc
  31              		@ args = 0, pretend = 0, frame = 0
  32              		@ frame_needed = 0, uses_anonymous_args = 0
  33              		@ link register save eliminated.
   6:Core/Src/adt7422.c **** 
   7:Core/Src/adt7422.c **** }
  34              		.loc 1 7 1 view .LVU1
  35 0000 7047     		bx	lr
  36              		.cfi_endproc
  37              	.LFE130:
  39              		.section	.text.adt7422_reset,"ax",%progbits
  40              		.align	1
  41              		.global	adt7422_reset
  42              		.syntax unified
  43              		.thumb
  44              		.thumb_func
  46              	adt7422_reset:
  47              	.LFB131:
   8:Core/Src/adt7422.c **** 
   9:Core/Src/adt7422.c **** 
  10:Core/Src/adt7422.c **** void adt7422_reset()
  11:Core/Src/adt7422.c **** {
  48              		.loc 1 11 1 view -0
  49              		.cfi_startproc
ARM GAS  C:\Users\User\AppData\Local\Temp\ccL6QjMo.s 			page 2


  50              		@ args = 0, pretend = 0, frame = 0
  51              		@ frame_needed = 0, uses_anonymous_args = 0
  52              		@ link register save eliminated.
  12:Core/Src/adt7422.c **** 
  13:Core/Src/adt7422.c ****     
  14:Core/Src/adt7422.c **** }...
  53              		.loc 1 14 1 view .LVU3
  54 0000 7047     		bx	lr
  55              		.cfi_endproc
  56              	.LFE131:
  58              		.text
  59              	.Letext0:
ARM GAS  C:\Users\User\AppData\Local\Temp\ccL6QjMo.s 			page 3


DEFINED SYMBOLS
                            *ABS*:00000000 adt7422.c
C:\Users\User\AppData\Local\Temp\ccL6QjMo.s:21     .text.adt7422_init:00000000 $t
C:\Users\User\AppData\Local\Temp\ccL6QjMo.s:27     .text.adt7422_init:00000000 adt7422_init
C:\Users\User\AppData\Local\Temp\ccL6QjMo.s:40     .text.adt7422_reset:00000000 $t
C:\Users\User\AppData\Local\Temp\ccL6QjMo.s:46     .text.adt7422_reset:00000000 adt7422_reset

NO UNDEFINED SYMBOLS
