ARM GAS  C:\Users\User\AppData\Local\Temp\ccYbbdje.s 			page 1


   1              		.cpu cortex-m4
   2              		.arch armv7e-m
   3              		.fpu fpv4-sp-d16
   4              		.eabi_attribute 27, 1
   5              		.eabi_attribute 28, 1
   6              		.eabi_attribute 20, 1
   7              		.eabi_attribute 21, 1
   8              		.eabi_attribute 23, 3
   9              		.eabi_attribute 24, 1
  10              		.eabi_attribute 25, 1
  11              		.eabi_attribute 26, 1
  12              		.eabi_attribute 30, 1
  13              		.eabi_attribute 34, 1
  14              		.eabi_attribute 18, 4
  15              		.file	"main.c"
  16              		.text
  17              	.Ltext0:
  18              		.cfi_sections	.debug_frame
  19              		.file 1 "Core/Src/main.c"
  20              		.section	.text.MX_GPIO_Init,"ax",%progbits
  21              		.align	1
  22              		.syntax unified
  23              		.thumb
  24              		.thumb_func
  26              	MX_GPIO_Init:
  27              	.LFB139:
   1:Core/Src/main.c **** /* USER CODE BEGIN Header */
   2:Core/Src/main.c **** /**
   3:Core/Src/main.c ****   ******************************************************************************
   4:Core/Src/main.c ****   * @file           : main.c
   5:Core/Src/main.c ****   * @brief          : Main program body
   6:Core/Src/main.c ****   ******************************************************************************
   7:Core/Src/main.c ****   * @attention
   8:Core/Src/main.c ****   *
   9:Core/Src/main.c ****   * Copyright (c) 2024 STMicroelectronics.
  10:Core/Src/main.c ****   * All rights reserved.
  11:Core/Src/main.c ****   *
  12:Core/Src/main.c ****   * This software is licensed under terms that can be found in the LICENSE file
  13:Core/Src/main.c ****   * in the root directory of this software component.
  14:Core/Src/main.c ****   * If no LICENSE file comes with this software, it is provided AS-IS.
  15:Core/Src/main.c ****   *
  16:Core/Src/main.c ****   ******************************************************************************
  17:Core/Src/main.c ****   */
  18:Core/Src/main.c **** /* USER CODE END Header */
  19:Core/Src/main.c **** /* Includes ------------------------------------------------------------------*/
  20:Core/Src/main.c **** #include "main.h"
  21:Core/Src/main.c **** #include "usb_device.h"
  22:Core/Src/main.c **** 
  23:Core/Src/main.c **** /* Private includes ----------------------------------------------------------*/
  24:Core/Src/main.c **** /* USER CODE BEGIN Includes */
  25:Core/Src/main.c **** #include "adt7422.h"
  26:Core/Src/main.c **** /* USER CODE END Includes */
  27:Core/Src/main.c **** 
  28:Core/Src/main.c **** /* Private typedef -----------------------------------------------------------*/
  29:Core/Src/main.c **** /* USER CODE BEGIN PTD */
  30:Core/Src/main.c **** 
  31:Core/Src/main.c **** /* USER CODE END PTD */
ARM GAS  C:\Users\User\AppData\Local\Temp\ccYbbdje.s 			page 2


  32:Core/Src/main.c **** 
  33:Core/Src/main.c **** /* Private define ------------------------------------------------------------*/
  34:Core/Src/main.c **** /* USER CODE BEGIN PD */
  35:Core/Src/main.c **** 
  36:Core/Src/main.c **** /* USER CODE END PD */
  37:Core/Src/main.c **** 
  38:Core/Src/main.c **** /* Private macro -------------------------------------------------------------*/
  39:Core/Src/main.c **** /* USER CODE BEGIN PM */
  40:Core/Src/main.c **** 
  41:Core/Src/main.c **** /* USER CODE END PM */
  42:Core/Src/main.c **** 
  43:Core/Src/main.c **** /* Private variables ---------------------------------------------------------*/
  44:Core/Src/main.c **** I2C_HandleTypeDef hi2c1;
  45:Core/Src/main.c **** 
  46:Core/Src/main.c **** TIM_HandleTypeDef htim10;
  47:Core/Src/main.c **** TIM_HandleTypeDef htim11;
  48:Core/Src/main.c **** 
  49:Core/Src/main.c **** /* USER CODE BEGIN PV */
  50:Core/Src/main.c **** 
  51:Core/Src/main.c **** /* USER CODE END PV */
  52:Core/Src/main.c **** 
  53:Core/Src/main.c **** /* Private function prototypes -----------------------------------------------*/
  54:Core/Src/main.c **** void SystemClock_Config(void);
  55:Core/Src/main.c **** static void MX_GPIO_Init(void);
  56:Core/Src/main.c **** static void MX_I2C1_Init(void);
  57:Core/Src/main.c **** static void MX_TIM10_Init(void);
  58:Core/Src/main.c **** static void MX_TIM11_Init(void);
  59:Core/Src/main.c **** /* USER CODE BEGIN PFP */
  60:Core/Src/main.c **** 
  61:Core/Src/main.c **** /* USER CODE END PFP */
  62:Core/Src/main.c **** 
  63:Core/Src/main.c **** /* Private user code ---------------------------------------------------------*/
  64:Core/Src/main.c **** /* USER CODE BEGIN 0 */
  65:Core/Src/main.c **** 
  66:Core/Src/main.c **** /* USER CODE END 0 */
  67:Core/Src/main.c **** 
  68:Core/Src/main.c **** /**
  69:Core/Src/main.c ****   * @brief  The application entry point.
  70:Core/Src/main.c ****   * @retval int
  71:Core/Src/main.c ****   */
  72:Core/Src/main.c **** int main(void)
  73:Core/Src/main.c **** {
  74:Core/Src/main.c ****   /* USER CODE BEGIN 1 */
  75:Core/Src/main.c ****   uint8_t temp = 0;
  76:Core/Src/main.c ****   /* USER CODE END 1 */
  77:Core/Src/main.c **** 
  78:Core/Src/main.c ****   /* MCU Configuration--------------------------------------------------------*/
  79:Core/Src/main.c **** 
  80:Core/Src/main.c ****   /* Reset of all peripherals, Initializes the Flash interface and the Systick. */
  81:Core/Src/main.c ****   HAL_Init();
  82:Core/Src/main.c **** 
  83:Core/Src/main.c ****   /* USER CODE BEGIN Init */
  84:Core/Src/main.c **** 
  85:Core/Src/main.c ****   /* USER CODE END Init */
  86:Core/Src/main.c **** 
  87:Core/Src/main.c ****   /* Configure the system clock */
  88:Core/Src/main.c ****   SystemClock_Config();
ARM GAS  C:\Users\User\AppData\Local\Temp\ccYbbdje.s 			page 3


  89:Core/Src/main.c **** 
  90:Core/Src/main.c ****   /* USER CODE BEGIN SysInit */
  91:Core/Src/main.c **** 
  92:Core/Src/main.c ****   /* USER CODE END SysInit */
  93:Core/Src/main.c **** 
  94:Core/Src/main.c ****   /* Initialize all configured peripherals */
  95:Core/Src/main.c ****   MX_GPIO_Init();
  96:Core/Src/main.c ****   MX_I2C1_Init();
  97:Core/Src/main.c ****   MX_TIM10_Init();
  98:Core/Src/main.c ****   MX_TIM11_Init();
  99:Core/Src/main.c ****   MX_USB_DEVICE_Init();
 100:Core/Src/main.c ****   /* USER CODE BEGIN 2 */
 101:Core/Src/main.c **** 
 102:Core/Src/main.c ****   /* USER CODE END 2 */
 103:Core/Src/main.c **** 
 104:Core/Src/main.c ****   /* Infinite loop */
 105:Core/Src/main.c ****   /* USER CODE BEGIN WHILE */
 106:Core/Src/main.c ****   while (1)
 107:Core/Src/main.c ****   {
 108:Core/Src/main.c ****     /* USER CODE END WHILE */
 109:Core/Src/main.c **** 
 110:Core/Src/main.c ****     /* USER CODE BEGIN 3 */
 111:Core/Src/main.c ****     //HAL_I2C_Mem_Write(,ADT7422_I2CADDR_DEFAULT,ADT7422_REG__ADT7422_ID,1,1)
 112:Core/Src/main.c ****     //HAL_I2C_Mem_Write(&hi2c1,ADT7422_I2CADDR_DEFAULT,ADT7422_REG__ADT7422_ID,1,1)
 113:Core/Src/main.c ****     temp = HAL_I2C_IsDeviceReady (&hi2c1, ADT7422_I2CADDR_DEFAULT, 5, 100);
 114:Core/Src/main.c ****     if(temp != HAL_OK)
 115:Core/Src/main.c ****     {
 116:Core/Src/main.c ****         led_blink_number(3);
 117:Core/Src/main.c ****     }
 118:Core/Src/main.c ****     HAL_Delay(5000);
 119:Core/Src/main.c ****   }
 120:Core/Src/main.c ****   /* USER CODE END 3 */
 121:Core/Src/main.c **** }
 122:Core/Src/main.c **** 
 123:Core/Src/main.c **** /**
 124:Core/Src/main.c ****   * @brief System Clock Configuration
 125:Core/Src/main.c ****   * @retval None
 126:Core/Src/main.c ****   */
 127:Core/Src/main.c **** void SystemClock_Config(void)
 128:Core/Src/main.c **** {
 129:Core/Src/main.c ****   RCC_OscInitTypeDef RCC_OscInitStruct = {0};
 130:Core/Src/main.c ****   RCC_ClkInitTypeDef RCC_ClkInitStruct = {0};
 131:Core/Src/main.c **** 
 132:Core/Src/main.c ****   /** Configure the main internal regulator output voltage
 133:Core/Src/main.c ****   */
 134:Core/Src/main.c ****   __HAL_RCC_PWR_CLK_ENABLE();
 135:Core/Src/main.c ****   __HAL_PWR_VOLTAGESCALING_CONFIG(PWR_REGULATOR_VOLTAGE_SCALE2);
 136:Core/Src/main.c **** 
 137:Core/Src/main.c ****   /** Initializes the RCC Oscillators according to the specified parameters
 138:Core/Src/main.c ****   * in the RCC_OscInitTypeDef structure.
 139:Core/Src/main.c ****   */
 140:Core/Src/main.c ****   RCC_OscInitStruct.OscillatorType = RCC_OSCILLATORTYPE_HSE;
 141:Core/Src/main.c ****   RCC_OscInitStruct.HSEState = RCC_HSE_ON;
 142:Core/Src/main.c ****   RCC_OscInitStruct.PLL.PLLState = RCC_PLL_ON;
 143:Core/Src/main.c ****   RCC_OscInitStruct.PLL.PLLSource = RCC_PLLSOURCE_HSE;
 144:Core/Src/main.c ****   RCC_OscInitStruct.PLL.PLLM = 15;
 145:Core/Src/main.c ****   RCC_OscInitStruct.PLL.PLLN = 144;
ARM GAS  C:\Users\User\AppData\Local\Temp\ccYbbdje.s 			page 4


 146:Core/Src/main.c ****   RCC_OscInitStruct.PLL.PLLP = RCC_PLLP_DIV2;
 147:Core/Src/main.c ****   RCC_OscInitStruct.PLL.PLLQ = 5;
 148:Core/Src/main.c ****   if (HAL_RCC_OscConfig(&RCC_OscInitStruct) != HAL_OK)
 149:Core/Src/main.c ****   {
 150:Core/Src/main.c ****     Error_Handler();
 151:Core/Src/main.c ****   }
 152:Core/Src/main.c **** 
 153:Core/Src/main.c ****   /** Initializes the CPU, AHB and APB buses clocks
 154:Core/Src/main.c ****   */
 155:Core/Src/main.c ****   RCC_ClkInitStruct.ClockType = RCC_CLOCKTYPE_HCLK|RCC_CLOCKTYPE_SYSCLK
 156:Core/Src/main.c ****                               |RCC_CLOCKTYPE_PCLK1|RCC_CLOCKTYPE_PCLK2;
 157:Core/Src/main.c ****   RCC_ClkInitStruct.SYSCLKSource = RCC_SYSCLKSOURCE_HSE;
 158:Core/Src/main.c ****   RCC_ClkInitStruct.AHBCLKDivider = RCC_SYSCLK_DIV1;
 159:Core/Src/main.c ****   RCC_ClkInitStruct.APB1CLKDivider = RCC_HCLK_DIV1;
 160:Core/Src/main.c ****   RCC_ClkInitStruct.APB2CLKDivider = RCC_HCLK_DIV1;
 161:Core/Src/main.c **** 
 162:Core/Src/main.c ****   if (HAL_RCC_ClockConfig(&RCC_ClkInitStruct, FLASH_LATENCY_0) != HAL_OK)
 163:Core/Src/main.c ****   {
 164:Core/Src/main.c ****     Error_Handler();
 165:Core/Src/main.c ****   }
 166:Core/Src/main.c **** }
 167:Core/Src/main.c **** 
 168:Core/Src/main.c **** /**
 169:Core/Src/main.c ****   * @brief I2C1 Initialization Function
 170:Core/Src/main.c ****   * @param None
 171:Core/Src/main.c ****   * @retval None
 172:Core/Src/main.c ****   */
 173:Core/Src/main.c **** static void MX_I2C1_Init(void)
 174:Core/Src/main.c **** {
 175:Core/Src/main.c **** 
 176:Core/Src/main.c ****   /* USER CODE BEGIN I2C1_Init 0 */
 177:Core/Src/main.c **** 
 178:Core/Src/main.c ****   /* USER CODE END I2C1_Init 0 */
 179:Core/Src/main.c **** 
 180:Core/Src/main.c ****   /* USER CODE BEGIN I2C1_Init 1 */
 181:Core/Src/main.c **** 
 182:Core/Src/main.c ****   /* USER CODE END I2C1_Init 1 */
 183:Core/Src/main.c ****   hi2c1.Instance = I2C1;
 184:Core/Src/main.c ****   hi2c1.Init.ClockSpeed = 100000;
 185:Core/Src/main.c ****   hi2c1.Init.DutyCycle = I2C_DUTYCYCLE_2;
 186:Core/Src/main.c ****   hi2c1.Init.OwnAddress1 = 0;
 187:Core/Src/main.c ****   hi2c1.Init.AddressingMode = I2C_ADDRESSINGMODE_7BIT;
 188:Core/Src/main.c ****   hi2c1.Init.DualAddressMode = I2C_DUALADDRESS_DISABLE;
 189:Core/Src/main.c ****   hi2c1.Init.OwnAddress2 = 0;
 190:Core/Src/main.c ****   hi2c1.Init.GeneralCallMode = I2C_GENERALCALL_DISABLE;
 191:Core/Src/main.c ****   hi2c1.Init.NoStretchMode = I2C_NOSTRETCH_DISABLE;
 192:Core/Src/main.c ****   if (HAL_I2C_Init(&hi2c1) != HAL_OK)
 193:Core/Src/main.c ****   {
 194:Core/Src/main.c ****     Error_Handler();
 195:Core/Src/main.c ****   }
 196:Core/Src/main.c ****   /* USER CODE BEGIN I2C1_Init 2 */
 197:Core/Src/main.c **** 
 198:Core/Src/main.c ****   /* USER CODE END I2C1_Init 2 */
 199:Core/Src/main.c **** 
 200:Core/Src/main.c **** }
 201:Core/Src/main.c **** 
 202:Core/Src/main.c **** /**
ARM GAS  C:\Users\User\AppData\Local\Temp\ccYbbdje.s 			page 5


 203:Core/Src/main.c ****   * @brief TIM10 Initialization Function
 204:Core/Src/main.c ****   * @param None
 205:Core/Src/main.c ****   * @retval None
 206:Core/Src/main.c ****   */
 207:Core/Src/main.c **** static void MX_TIM10_Init(void)
 208:Core/Src/main.c **** {
 209:Core/Src/main.c **** 
 210:Core/Src/main.c ****   /* USER CODE BEGIN TIM10_Init 0 */
 211:Core/Src/main.c **** 
 212:Core/Src/main.c ****   /* USER CODE END TIM10_Init 0 */
 213:Core/Src/main.c **** 
 214:Core/Src/main.c ****   /* USER CODE BEGIN TIM10_Init 1 */
 215:Core/Src/main.c **** 
 216:Core/Src/main.c ****   /* USER CODE END TIM10_Init 1 */
 217:Core/Src/main.c ****   htim10.Instance = TIM10;
 218:Core/Src/main.c ****   htim10.Init.Prescaler = 0;
 219:Core/Src/main.c ****   htim10.Init.CounterMode = TIM_COUNTERMODE_UP;
 220:Core/Src/main.c ****   htim10.Init.Period = 65535;
 221:Core/Src/main.c ****   htim10.Init.ClockDivision = TIM_CLOCKDIVISION_DIV1;
 222:Core/Src/main.c ****   htim10.Init.AutoReloadPreload = TIM_AUTORELOAD_PRELOAD_DISABLE;
 223:Core/Src/main.c ****   if (HAL_TIM_Base_Init(&htim10) != HAL_OK)
 224:Core/Src/main.c ****   {
 225:Core/Src/main.c ****     Error_Handler();
 226:Core/Src/main.c ****   }
 227:Core/Src/main.c ****   /* USER CODE BEGIN TIM10_Init 2 */
 228:Core/Src/main.c **** 
 229:Core/Src/main.c ****   /* USER CODE END TIM10_Init 2 */
 230:Core/Src/main.c **** 
 231:Core/Src/main.c **** }
 232:Core/Src/main.c **** 
 233:Core/Src/main.c **** /**
 234:Core/Src/main.c ****   * @brief TIM11 Initialization Function
 235:Core/Src/main.c ****   * @param None
 236:Core/Src/main.c ****   * @retval None
 237:Core/Src/main.c ****   */
 238:Core/Src/main.c **** static void MX_TIM11_Init(void)
 239:Core/Src/main.c **** {
 240:Core/Src/main.c **** 
 241:Core/Src/main.c ****   /* USER CODE BEGIN TIM11_Init 0 */
 242:Core/Src/main.c **** 
 243:Core/Src/main.c ****   /* USER CODE END TIM11_Init 0 */
 244:Core/Src/main.c **** 
 245:Core/Src/main.c ****   /* USER CODE BEGIN TIM11_Init 1 */
 246:Core/Src/main.c **** 
 247:Core/Src/main.c ****   /* USER CODE END TIM11_Init 1 */
 248:Core/Src/main.c ****   htim11.Instance = TIM11;
 249:Core/Src/main.c ****   htim11.Init.Prescaler = 0;
 250:Core/Src/main.c ****   htim11.Init.CounterMode = TIM_COUNTERMODE_UP;
 251:Core/Src/main.c ****   htim11.Init.Period = 65535;
 252:Core/Src/main.c ****   htim11.Init.ClockDivision = TIM_CLOCKDIVISION_DIV1;
 253:Core/Src/main.c ****   htim11.Init.AutoReloadPreload = TIM_AUTORELOAD_PRELOAD_DISABLE;
 254:Core/Src/main.c ****   if (HAL_TIM_Base_Init(&htim11) != HAL_OK)
 255:Core/Src/main.c ****   {
 256:Core/Src/main.c ****     Error_Handler();
 257:Core/Src/main.c ****   }
 258:Core/Src/main.c ****   /* USER CODE BEGIN TIM11_Init 2 */
 259:Core/Src/main.c **** 
ARM GAS  C:\Users\User\AppData\Local\Temp\ccYbbdje.s 			page 6


 260:Core/Src/main.c ****   /* USER CODE END TIM11_Init 2 */
 261:Core/Src/main.c **** 
 262:Core/Src/main.c **** }
 263:Core/Src/main.c **** 
 264:Core/Src/main.c **** /**
 265:Core/Src/main.c ****   * @brief GPIO Initialization Function
 266:Core/Src/main.c ****   * @param None
 267:Core/Src/main.c ****   * @retval None
 268:Core/Src/main.c ****   */
 269:Core/Src/main.c **** static void MX_GPIO_Init(void)
 270:Core/Src/main.c **** {
  28              		.loc 1 270 1 view -0
  29              		.cfi_startproc
  30              		@ args = 0, pretend = 0, frame = 40
  31              		@ frame_needed = 0, uses_anonymous_args = 0
  32 0000 30B5     		push	{r4, r5, lr}
  33              		.cfi_def_cfa_offset 12
  34              		.cfi_offset 4, -12
  35              		.cfi_offset 5, -8
  36              		.cfi_offset 14, -4
  37 0002 8BB0     		sub	sp, sp, #44
  38              		.cfi_def_cfa_offset 56
 271:Core/Src/main.c ****   GPIO_InitTypeDef GPIO_InitStruct = {0};
  39              		.loc 1 271 3 view .LVU1
  40              		.loc 1 271 20 is_stmt 0 view .LVU2
  41 0004 0024     		movs	r4, #0
  42 0006 0594     		str	r4, [sp, #20]
  43 0008 0694     		str	r4, [sp, #24]
  44 000a 0794     		str	r4, [sp, #28]
  45 000c 0894     		str	r4, [sp, #32]
  46 000e 0994     		str	r4, [sp, #36]
 272:Core/Src/main.c **** /* USER CODE BEGIN MX_GPIO_Init_1 */
 273:Core/Src/main.c **** /* USER CODE END MX_GPIO_Init_1 */
 274:Core/Src/main.c **** 
 275:Core/Src/main.c ****   /* GPIO Ports Clock Enable */
 276:Core/Src/main.c ****   __HAL_RCC_GPIOC_CLK_ENABLE();
  47              		.loc 1 276 3 is_stmt 1 view .LVU3
  48              	.LBB4:
  49              		.loc 1 276 3 view .LVU4
  50 0010 0194     		str	r4, [sp, #4]
  51              		.loc 1 276 3 view .LVU5
  52 0012 1E4B     		ldr	r3, .L3
  53 0014 1A6B     		ldr	r2, [r3, #48]
  54 0016 42F00402 		orr	r2, r2, #4
  55 001a 1A63     		str	r2, [r3, #48]
  56              		.loc 1 276 3 view .LVU6
  57 001c 1A6B     		ldr	r2, [r3, #48]
  58 001e 02F00402 		and	r2, r2, #4
  59 0022 0192     		str	r2, [sp, #4]
  60              		.loc 1 276 3 view .LVU7
  61 0024 019A     		ldr	r2, [sp, #4]
  62              	.LBE4:
  63              		.loc 1 276 3 view .LVU8
 277:Core/Src/main.c ****   __HAL_RCC_GPIOH_CLK_ENABLE();
  64              		.loc 1 277 3 view .LVU9
  65              	.LBB5:
  66              		.loc 1 277 3 view .LVU10
ARM GAS  C:\Users\User\AppData\Local\Temp\ccYbbdje.s 			page 7


  67 0026 0294     		str	r4, [sp, #8]
  68              		.loc 1 277 3 view .LVU11
  69 0028 1A6B     		ldr	r2, [r3, #48]
  70 002a 42F08002 		orr	r2, r2, #128
  71 002e 1A63     		str	r2, [r3, #48]
  72              		.loc 1 277 3 view .LVU12
  73 0030 1A6B     		ldr	r2, [r3, #48]
  74 0032 02F08002 		and	r2, r2, #128
  75 0036 0292     		str	r2, [sp, #8]
  76              		.loc 1 277 3 view .LVU13
  77 0038 029A     		ldr	r2, [sp, #8]
  78              	.LBE5:
  79              		.loc 1 277 3 view .LVU14
 278:Core/Src/main.c ****   __HAL_RCC_GPIOA_CLK_ENABLE();
  80              		.loc 1 278 3 view .LVU15
  81              	.LBB6:
  82              		.loc 1 278 3 view .LVU16
  83 003a 0394     		str	r4, [sp, #12]
  84              		.loc 1 278 3 view .LVU17
  85 003c 1A6B     		ldr	r2, [r3, #48]
  86 003e 42F00102 		orr	r2, r2, #1
  87 0042 1A63     		str	r2, [r3, #48]
  88              		.loc 1 278 3 view .LVU18
  89 0044 1A6B     		ldr	r2, [r3, #48]
  90 0046 02F00102 		and	r2, r2, #1
  91 004a 0392     		str	r2, [sp, #12]
  92              		.loc 1 278 3 view .LVU19
  93 004c 039A     		ldr	r2, [sp, #12]
  94              	.LBE6:
  95              		.loc 1 278 3 view .LVU20
 279:Core/Src/main.c ****   __HAL_RCC_GPIOB_CLK_ENABLE();
  96              		.loc 1 279 3 view .LVU21
  97              	.LBB7:
  98              		.loc 1 279 3 view .LVU22
  99 004e 0494     		str	r4, [sp, #16]
 100              		.loc 1 279 3 view .LVU23
 101 0050 1A6B     		ldr	r2, [r3, #48]
 102 0052 42F00202 		orr	r2, r2, #2
 103 0056 1A63     		str	r2, [r3, #48]
 104              		.loc 1 279 3 view .LVU24
 105 0058 1B6B     		ldr	r3, [r3, #48]
 106 005a 03F00203 		and	r3, r3, #2
 107 005e 0493     		str	r3, [sp, #16]
 108              		.loc 1 279 3 view .LVU25
 109 0060 049B     		ldr	r3, [sp, #16]
 110              	.LBE7:
 111              		.loc 1 279 3 view .LVU26
 280:Core/Src/main.c **** 
 281:Core/Src/main.c ****   /*Configure GPIO pin Output Level */
 282:Core/Src/main.c ****   HAL_GPIO_WritePin(LED_BLUE_GPIO_Port, LED_BLUE_Pin, GPIO_PIN_RESET);
 112              		.loc 1 282 3 view .LVU27
 113 0062 0B4D     		ldr	r5, .L3+4
 114 0064 2246     		mov	r2, r4
 115 0066 4FF40051 		mov	r1, #8192
 116 006a 2846     		mov	r0, r5
 117 006c FFF7FEFF 		bl	HAL_GPIO_WritePin
 118              	.LVL0:
ARM GAS  C:\Users\User\AppData\Local\Temp\ccYbbdje.s 			page 8


 283:Core/Src/main.c **** 
 284:Core/Src/main.c ****   /*Configure GPIO pin : LED_BLUE_Pin */
 285:Core/Src/main.c ****   GPIO_InitStruct.Pin = LED_BLUE_Pin;
 119              		.loc 1 285 3 view .LVU28
 120              		.loc 1 285 23 is_stmt 0 view .LVU29
 121 0070 4FF40053 		mov	r3, #8192
 122 0074 0593     		str	r3, [sp, #20]
 286:Core/Src/main.c ****   GPIO_InitStruct.Mode = GPIO_MODE_OUTPUT_PP;
 123              		.loc 1 286 3 is_stmt 1 view .LVU30
 124              		.loc 1 286 24 is_stmt 0 view .LVU31
 125 0076 0123     		movs	r3, #1
 126 0078 0693     		str	r3, [sp, #24]
 287:Core/Src/main.c ****   GPIO_InitStruct.Pull = GPIO_NOPULL;
 127              		.loc 1 287 3 is_stmt 1 view .LVU32
 128              		.loc 1 287 24 is_stmt 0 view .LVU33
 129 007a 0794     		str	r4, [sp, #28]
 288:Core/Src/main.c ****   GPIO_InitStruct.Speed = GPIO_SPEED_FREQ_LOW;
 130              		.loc 1 288 3 is_stmt 1 view .LVU34
 131              		.loc 1 288 25 is_stmt 0 view .LVU35
 132 007c 0894     		str	r4, [sp, #32]
 289:Core/Src/main.c ****   HAL_GPIO_Init(LED_BLUE_GPIO_Port, &GPIO_InitStruct);
 133              		.loc 1 289 3 is_stmt 1 view .LVU36
 134 007e 05A9     		add	r1, sp, #20
 135 0080 2846     		mov	r0, r5
 136 0082 FFF7FEFF 		bl	HAL_GPIO_Init
 137              	.LVL1:
 290:Core/Src/main.c **** 
 291:Core/Src/main.c **** /* USER CODE BEGIN MX_GPIO_Init_2 */
 292:Core/Src/main.c **** /* USER CODE END MX_GPIO_Init_2 */
 293:Core/Src/main.c **** }
 138              		.loc 1 293 1 is_stmt 0 view .LVU37
 139 0086 0BB0     		add	sp, sp, #44
 140              		.cfi_def_cfa_offset 12
 141              		@ sp needed
 142 0088 30BD     		pop	{r4, r5, pc}
 143              	.L4:
 144 008a 00BF     		.align	2
 145              	.L3:
 146 008c 00380240 		.word	1073887232
 147 0090 00080240 		.word	1073874944
 148              		.cfi_endproc
 149              	.LFE139:
 151              		.section	.text.Error_Handler,"ax",%progbits
 152              		.align	1
 153              		.global	Error_Handler
 154              		.syntax unified
 155              		.thumb
 156              		.thumb_func
 158              	Error_Handler:
 159              	.LFB140:
 294:Core/Src/main.c **** 
 295:Core/Src/main.c **** /* USER CODE BEGIN 4 */
 296:Core/Src/main.c **** 
 297:Core/Src/main.c **** /* USER CODE END 4 */
 298:Core/Src/main.c **** 
 299:Core/Src/main.c **** /**
 300:Core/Src/main.c ****   * @brief  This function is executed in case of error occurrence.
ARM GAS  C:\Users\User\AppData\Local\Temp\ccYbbdje.s 			page 9


 301:Core/Src/main.c ****   * @retval None
 302:Core/Src/main.c ****   */
 303:Core/Src/main.c **** void Error_Handler(void)
 304:Core/Src/main.c **** {
 160              		.loc 1 304 1 is_stmt 1 view -0
 161              		.cfi_startproc
 162              		@ Volatile: function does not return.
 163              		@ args = 0, pretend = 0, frame = 0
 164              		@ frame_needed = 0, uses_anonymous_args = 0
 165              		@ link register save eliminated.
 305:Core/Src/main.c ****   /* USER CODE BEGIN Error_Handler_Debug */
 306:Core/Src/main.c ****   /* User can add his own implementation to report the HAL error return state */
 307:Core/Src/main.c ****   __disable_irq();
 166              		.loc 1 307 3 view .LVU39
 167              	.LBB8:
 168              	.LBI8:
 169              		.file 2 "Drivers/CMSIS/Include/cmsis_gcc.h"
   1:Drivers/CMSIS/Include/cmsis_gcc.h **** /**************************************************************************//**
   2:Drivers/CMSIS/Include/cmsis_gcc.h ****  * @file     cmsis_gcc.h
   3:Drivers/CMSIS/Include/cmsis_gcc.h ****  * @brief    CMSIS compiler GCC header file
   4:Drivers/CMSIS/Include/cmsis_gcc.h ****  * @version  V5.0.4
   5:Drivers/CMSIS/Include/cmsis_gcc.h ****  * @date     09. April 2018
   6:Drivers/CMSIS/Include/cmsis_gcc.h ****  ******************************************************************************/
   7:Drivers/CMSIS/Include/cmsis_gcc.h **** /*
   8:Drivers/CMSIS/Include/cmsis_gcc.h ****  * Copyright (c) 2009-2018 Arm Limited. All rights reserved.
   9:Drivers/CMSIS/Include/cmsis_gcc.h ****  *
  10:Drivers/CMSIS/Include/cmsis_gcc.h ****  * SPDX-License-Identifier: Apache-2.0
  11:Drivers/CMSIS/Include/cmsis_gcc.h ****  *
  12:Drivers/CMSIS/Include/cmsis_gcc.h ****  * Licensed under the Apache License, Version 2.0 (the License); you may
  13:Drivers/CMSIS/Include/cmsis_gcc.h ****  * not use this file except in compliance with the License.
  14:Drivers/CMSIS/Include/cmsis_gcc.h ****  * You may obtain a copy of the License at
  15:Drivers/CMSIS/Include/cmsis_gcc.h ****  *
  16:Drivers/CMSIS/Include/cmsis_gcc.h ****  * www.apache.org/licenses/LICENSE-2.0
  17:Drivers/CMSIS/Include/cmsis_gcc.h ****  *
  18:Drivers/CMSIS/Include/cmsis_gcc.h ****  * Unless required by applicable law or agreed to in writing, software
  19:Drivers/CMSIS/Include/cmsis_gcc.h ****  * distributed under the License is distributed on an AS IS BASIS, WITHOUT
  20:Drivers/CMSIS/Include/cmsis_gcc.h ****  * WARRANTIES OR CONDITIONS OF ANY KIND, either express or implied.
  21:Drivers/CMSIS/Include/cmsis_gcc.h ****  * See the License for the specific language governing permissions and
  22:Drivers/CMSIS/Include/cmsis_gcc.h ****  * limitations under the License.
  23:Drivers/CMSIS/Include/cmsis_gcc.h ****  */
  24:Drivers/CMSIS/Include/cmsis_gcc.h **** 
  25:Drivers/CMSIS/Include/cmsis_gcc.h **** #ifndef __CMSIS_GCC_H
  26:Drivers/CMSIS/Include/cmsis_gcc.h **** #define __CMSIS_GCC_H
  27:Drivers/CMSIS/Include/cmsis_gcc.h **** 
  28:Drivers/CMSIS/Include/cmsis_gcc.h **** /* ignore some GCC warnings */
  29:Drivers/CMSIS/Include/cmsis_gcc.h **** #pragma GCC diagnostic push
  30:Drivers/CMSIS/Include/cmsis_gcc.h **** #pragma GCC diagnostic ignored "-Wsign-conversion"
  31:Drivers/CMSIS/Include/cmsis_gcc.h **** #pragma GCC diagnostic ignored "-Wconversion"
  32:Drivers/CMSIS/Include/cmsis_gcc.h **** #pragma GCC diagnostic ignored "-Wunused-parameter"
  33:Drivers/CMSIS/Include/cmsis_gcc.h **** 
  34:Drivers/CMSIS/Include/cmsis_gcc.h **** /* Fallback for __has_builtin */
  35:Drivers/CMSIS/Include/cmsis_gcc.h **** #ifndef __has_builtin
  36:Drivers/CMSIS/Include/cmsis_gcc.h ****   #define __has_builtin(x) (0)
  37:Drivers/CMSIS/Include/cmsis_gcc.h **** #endif
  38:Drivers/CMSIS/Include/cmsis_gcc.h **** 
  39:Drivers/CMSIS/Include/cmsis_gcc.h **** /* CMSIS compiler specific defines */
  40:Drivers/CMSIS/Include/cmsis_gcc.h **** #ifndef   __ASM
ARM GAS  C:\Users\User\AppData\Local\Temp\ccYbbdje.s 			page 10


  41:Drivers/CMSIS/Include/cmsis_gcc.h ****   #define __ASM                                  __asm
  42:Drivers/CMSIS/Include/cmsis_gcc.h **** #endif
  43:Drivers/CMSIS/Include/cmsis_gcc.h **** #ifndef   __INLINE
  44:Drivers/CMSIS/Include/cmsis_gcc.h ****   #define __INLINE                               inline
  45:Drivers/CMSIS/Include/cmsis_gcc.h **** #endif
  46:Drivers/CMSIS/Include/cmsis_gcc.h **** #ifndef   __STATIC_INLINE
  47:Drivers/CMSIS/Include/cmsis_gcc.h ****   #define __STATIC_INLINE                        static inline
  48:Drivers/CMSIS/Include/cmsis_gcc.h **** #endif
  49:Drivers/CMSIS/Include/cmsis_gcc.h **** #ifndef   __STATIC_FORCEINLINE                 
  50:Drivers/CMSIS/Include/cmsis_gcc.h ****   #define __STATIC_FORCEINLINE                   __attribute__((always_inline)) static inline
  51:Drivers/CMSIS/Include/cmsis_gcc.h **** #endif                                           
  52:Drivers/CMSIS/Include/cmsis_gcc.h **** #ifndef   __NO_RETURN
  53:Drivers/CMSIS/Include/cmsis_gcc.h ****   #define __NO_RETURN                            __attribute__((__noreturn__))
  54:Drivers/CMSIS/Include/cmsis_gcc.h **** #endif
  55:Drivers/CMSIS/Include/cmsis_gcc.h **** #ifndef   __USED
  56:Drivers/CMSIS/Include/cmsis_gcc.h ****   #define __USED                                 __attribute__((used))
  57:Drivers/CMSIS/Include/cmsis_gcc.h **** #endif
  58:Drivers/CMSIS/Include/cmsis_gcc.h **** #ifndef   __WEAK
  59:Drivers/CMSIS/Include/cmsis_gcc.h ****   #define __WEAK                                 __attribute__((weak))
  60:Drivers/CMSIS/Include/cmsis_gcc.h **** #endif
  61:Drivers/CMSIS/Include/cmsis_gcc.h **** #ifndef   __PACKED
  62:Drivers/CMSIS/Include/cmsis_gcc.h ****   #define __PACKED                               __attribute__((packed, aligned(1)))
  63:Drivers/CMSIS/Include/cmsis_gcc.h **** #endif
  64:Drivers/CMSIS/Include/cmsis_gcc.h **** #ifndef   __PACKED_STRUCT
  65:Drivers/CMSIS/Include/cmsis_gcc.h ****   #define __PACKED_STRUCT                        struct __attribute__((packed, aligned(1)))
  66:Drivers/CMSIS/Include/cmsis_gcc.h **** #endif
  67:Drivers/CMSIS/Include/cmsis_gcc.h **** #ifndef   __PACKED_UNION
  68:Drivers/CMSIS/Include/cmsis_gcc.h ****   #define __PACKED_UNION                         union __attribute__((packed, aligned(1)))
  69:Drivers/CMSIS/Include/cmsis_gcc.h **** #endif
  70:Drivers/CMSIS/Include/cmsis_gcc.h **** #ifndef   __UNALIGNED_UINT32        /* deprecated */
  71:Drivers/CMSIS/Include/cmsis_gcc.h ****   #pragma GCC diagnostic push
  72:Drivers/CMSIS/Include/cmsis_gcc.h ****   #pragma GCC diagnostic ignored "-Wpacked"
  73:Drivers/CMSIS/Include/cmsis_gcc.h ****   #pragma GCC diagnostic ignored "-Wattributes"
  74:Drivers/CMSIS/Include/cmsis_gcc.h ****   struct __attribute__((packed)) T_UINT32 { uint32_t v; };
  75:Drivers/CMSIS/Include/cmsis_gcc.h ****   #pragma GCC diagnostic pop
  76:Drivers/CMSIS/Include/cmsis_gcc.h ****   #define __UNALIGNED_UINT32(x)                  (((struct T_UINT32 *)(x))->v)
  77:Drivers/CMSIS/Include/cmsis_gcc.h **** #endif
  78:Drivers/CMSIS/Include/cmsis_gcc.h **** #ifndef   __UNALIGNED_UINT16_WRITE
  79:Drivers/CMSIS/Include/cmsis_gcc.h ****   #pragma GCC diagnostic push
  80:Drivers/CMSIS/Include/cmsis_gcc.h ****   #pragma GCC diagnostic ignored "-Wpacked"
  81:Drivers/CMSIS/Include/cmsis_gcc.h ****   #pragma GCC diagnostic ignored "-Wattributes"
  82:Drivers/CMSIS/Include/cmsis_gcc.h ****   __PACKED_STRUCT T_UINT16_WRITE { uint16_t v; };
  83:Drivers/CMSIS/Include/cmsis_gcc.h ****   #pragma GCC diagnostic pop
  84:Drivers/CMSIS/Include/cmsis_gcc.h ****   #define __UNALIGNED_UINT16_WRITE(addr, val)    (void)((((struct T_UINT16_WRITE *)(void *)(addr))-
  85:Drivers/CMSIS/Include/cmsis_gcc.h **** #endif
  86:Drivers/CMSIS/Include/cmsis_gcc.h **** #ifndef   __UNALIGNED_UINT16_READ
  87:Drivers/CMSIS/Include/cmsis_gcc.h ****   #pragma GCC diagnostic push
  88:Drivers/CMSIS/Include/cmsis_gcc.h ****   #pragma GCC diagnostic ignored "-Wpacked"
  89:Drivers/CMSIS/Include/cmsis_gcc.h ****   #pragma GCC diagnostic ignored "-Wattributes"
  90:Drivers/CMSIS/Include/cmsis_gcc.h ****   __PACKED_STRUCT T_UINT16_READ { uint16_t v; };
  91:Drivers/CMSIS/Include/cmsis_gcc.h ****   #pragma GCC diagnostic pop
  92:Drivers/CMSIS/Include/cmsis_gcc.h ****   #define __UNALIGNED_UINT16_READ(addr)          (((const struct T_UINT16_READ *)(const void *)(add
  93:Drivers/CMSIS/Include/cmsis_gcc.h **** #endif
  94:Drivers/CMSIS/Include/cmsis_gcc.h **** #ifndef   __UNALIGNED_UINT32_WRITE
  95:Drivers/CMSIS/Include/cmsis_gcc.h ****   #pragma GCC diagnostic push
  96:Drivers/CMSIS/Include/cmsis_gcc.h ****   #pragma GCC diagnostic ignored "-Wpacked"
  97:Drivers/CMSIS/Include/cmsis_gcc.h ****   #pragma GCC diagnostic ignored "-Wattributes"
ARM GAS  C:\Users\User\AppData\Local\Temp\ccYbbdje.s 			page 11


  98:Drivers/CMSIS/Include/cmsis_gcc.h ****   __PACKED_STRUCT T_UINT32_WRITE { uint32_t v; };
  99:Drivers/CMSIS/Include/cmsis_gcc.h ****   #pragma GCC diagnostic pop
 100:Drivers/CMSIS/Include/cmsis_gcc.h ****   #define __UNALIGNED_UINT32_WRITE(addr, val)    (void)((((struct T_UINT32_WRITE *)(void *)(addr))-
 101:Drivers/CMSIS/Include/cmsis_gcc.h **** #endif
 102:Drivers/CMSIS/Include/cmsis_gcc.h **** #ifndef   __UNALIGNED_UINT32_READ
 103:Drivers/CMSIS/Include/cmsis_gcc.h ****   #pragma GCC diagnostic push
 104:Drivers/CMSIS/Include/cmsis_gcc.h ****   #pragma GCC diagnostic ignored "-Wpacked"
 105:Drivers/CMSIS/Include/cmsis_gcc.h ****   #pragma GCC diagnostic ignored "-Wattributes"
 106:Drivers/CMSIS/Include/cmsis_gcc.h ****   __PACKED_STRUCT T_UINT32_READ { uint32_t v; };
 107:Drivers/CMSIS/Include/cmsis_gcc.h ****   #pragma GCC diagnostic pop
 108:Drivers/CMSIS/Include/cmsis_gcc.h ****   #define __UNALIGNED_UINT32_READ(addr)          (((const struct T_UINT32_READ *)(const void *)(add
 109:Drivers/CMSIS/Include/cmsis_gcc.h **** #endif
 110:Drivers/CMSIS/Include/cmsis_gcc.h **** #ifndef   __ALIGNED
 111:Drivers/CMSIS/Include/cmsis_gcc.h ****   #define __ALIGNED(x)                           __attribute__((aligned(x)))
 112:Drivers/CMSIS/Include/cmsis_gcc.h **** #endif
 113:Drivers/CMSIS/Include/cmsis_gcc.h **** #ifndef   __RESTRICT
 114:Drivers/CMSIS/Include/cmsis_gcc.h ****   #define __RESTRICT                             __restrict
 115:Drivers/CMSIS/Include/cmsis_gcc.h **** #endif
 116:Drivers/CMSIS/Include/cmsis_gcc.h **** 
 117:Drivers/CMSIS/Include/cmsis_gcc.h **** 
 118:Drivers/CMSIS/Include/cmsis_gcc.h **** /* ###########################  Core Function Access  ########################### */
 119:Drivers/CMSIS/Include/cmsis_gcc.h **** /** \ingroup  CMSIS_Core_FunctionInterface
 120:Drivers/CMSIS/Include/cmsis_gcc.h ****     \defgroup CMSIS_Core_RegAccFunctions CMSIS Core Register Access Functions
 121:Drivers/CMSIS/Include/cmsis_gcc.h ****   @{
 122:Drivers/CMSIS/Include/cmsis_gcc.h ****  */
 123:Drivers/CMSIS/Include/cmsis_gcc.h **** 
 124:Drivers/CMSIS/Include/cmsis_gcc.h **** /**
 125:Drivers/CMSIS/Include/cmsis_gcc.h ****   \brief   Enable IRQ Interrupts
 126:Drivers/CMSIS/Include/cmsis_gcc.h ****   \details Enables IRQ interrupts by clearing the I-bit in the CPSR.
 127:Drivers/CMSIS/Include/cmsis_gcc.h ****            Can only be executed in Privileged modes.
 128:Drivers/CMSIS/Include/cmsis_gcc.h ****  */
 129:Drivers/CMSIS/Include/cmsis_gcc.h **** __STATIC_FORCEINLINE void __enable_irq(void)
 130:Drivers/CMSIS/Include/cmsis_gcc.h **** {
 131:Drivers/CMSIS/Include/cmsis_gcc.h ****   __ASM volatile ("cpsie i" : : : "memory");
 132:Drivers/CMSIS/Include/cmsis_gcc.h **** }
 133:Drivers/CMSIS/Include/cmsis_gcc.h **** 
 134:Drivers/CMSIS/Include/cmsis_gcc.h **** 
 135:Drivers/CMSIS/Include/cmsis_gcc.h **** /**
 136:Drivers/CMSIS/Include/cmsis_gcc.h ****   \brief   Disable IRQ Interrupts
 137:Drivers/CMSIS/Include/cmsis_gcc.h ****   \details Disables IRQ interrupts by setting the I-bit in the CPSR.
 138:Drivers/CMSIS/Include/cmsis_gcc.h ****            Can only be executed in Privileged modes.
 139:Drivers/CMSIS/Include/cmsis_gcc.h ****  */
 140:Drivers/CMSIS/Include/cmsis_gcc.h **** __STATIC_FORCEINLINE void __disable_irq(void)
 170              		.loc 2 140 27 view .LVU40
 171              	.LBB9:
 141:Drivers/CMSIS/Include/cmsis_gcc.h **** {
 142:Drivers/CMSIS/Include/cmsis_gcc.h ****   __ASM volatile ("cpsid i" : : : "memory");
 172              		.loc 2 142 3 view .LVU41
 173              		.syntax unified
 174              	@ 142 "Drivers/CMSIS/Include/cmsis_gcc.h" 1
 175 0000 72B6     		cpsid i
 176              	@ 0 "" 2
 177              		.thumb
 178              		.syntax unified
 179              	.L6:
 180              	.LBE9:
 181              	.LBE8:
ARM GAS  C:\Users\User\AppData\Local\Temp\ccYbbdje.s 			page 12


 308:Core/Src/main.c ****   while (1)
 182              		.loc 1 308 3 view .LVU42
 309:Core/Src/main.c ****   {
 310:Core/Src/main.c ****   }
 183              		.loc 1 310 3 view .LVU43
 308:Core/Src/main.c ****   while (1)
 184              		.loc 1 308 9 view .LVU44
 185 0002 FEE7     		b	.L6
 186              		.cfi_endproc
 187              	.LFE140:
 189              		.section	.text.MX_I2C1_Init,"ax",%progbits
 190              		.align	1
 191              		.syntax unified
 192              		.thumb
 193              		.thumb_func
 195              	MX_I2C1_Init:
 196              	.LFB136:
 174:Core/Src/main.c **** 
 197              		.loc 1 174 1 view -0
 198              		.cfi_startproc
 199              		@ args = 0, pretend = 0, frame = 0
 200              		@ frame_needed = 0, uses_anonymous_args = 0
 201 0000 08B5     		push	{r3, lr}
 202              		.cfi_def_cfa_offset 8
 203              		.cfi_offset 3, -8
 204              		.cfi_offset 14, -4
 183:Core/Src/main.c ****   hi2c1.Init.ClockSpeed = 100000;
 205              		.loc 1 183 3 view .LVU46
 183:Core/Src/main.c ****   hi2c1.Init.ClockSpeed = 100000;
 206              		.loc 1 183 18 is_stmt 0 view .LVU47
 207 0002 0A48     		ldr	r0, .L11
 208 0004 0A4B     		ldr	r3, .L11+4
 209 0006 0360     		str	r3, [r0]
 184:Core/Src/main.c ****   hi2c1.Init.DutyCycle = I2C_DUTYCYCLE_2;
 210              		.loc 1 184 3 is_stmt 1 view .LVU48
 184:Core/Src/main.c ****   hi2c1.Init.DutyCycle = I2C_DUTYCYCLE_2;
 211              		.loc 1 184 25 is_stmt 0 view .LVU49
 212 0008 0A4B     		ldr	r3, .L11+8
 213 000a 4360     		str	r3, [r0, #4]
 185:Core/Src/main.c ****   hi2c1.Init.OwnAddress1 = 0;
 214              		.loc 1 185 3 is_stmt 1 view .LVU50
 185:Core/Src/main.c ****   hi2c1.Init.OwnAddress1 = 0;
 215              		.loc 1 185 24 is_stmt 0 view .LVU51
 216 000c 0023     		movs	r3, #0
 217 000e 8360     		str	r3, [r0, #8]
 186:Core/Src/main.c ****   hi2c1.Init.AddressingMode = I2C_ADDRESSINGMODE_7BIT;
 218              		.loc 1 186 3 is_stmt 1 view .LVU52
 186:Core/Src/main.c ****   hi2c1.Init.AddressingMode = I2C_ADDRESSINGMODE_7BIT;
 219              		.loc 1 186 26 is_stmt 0 view .LVU53
 220 0010 C360     		str	r3, [r0, #12]
 187:Core/Src/main.c ****   hi2c1.Init.DualAddressMode = I2C_DUALADDRESS_DISABLE;
 221              		.loc 1 187 3 is_stmt 1 view .LVU54
 187:Core/Src/main.c ****   hi2c1.Init.DualAddressMode = I2C_DUALADDRESS_DISABLE;
 222              		.loc 1 187 29 is_stmt 0 view .LVU55
 223 0012 4FF48042 		mov	r2, #16384
 224 0016 0261     		str	r2, [r0, #16]
 188:Core/Src/main.c ****   hi2c1.Init.OwnAddress2 = 0;
ARM GAS  C:\Users\User\AppData\Local\Temp\ccYbbdje.s 			page 13


 225              		.loc 1 188 3 is_stmt 1 view .LVU56
 188:Core/Src/main.c ****   hi2c1.Init.OwnAddress2 = 0;
 226              		.loc 1 188 30 is_stmt 0 view .LVU57
 227 0018 4361     		str	r3, [r0, #20]
 189:Core/Src/main.c ****   hi2c1.Init.GeneralCallMode = I2C_GENERALCALL_DISABLE;
 228              		.loc 1 189 3 is_stmt 1 view .LVU58
 189:Core/Src/main.c ****   hi2c1.Init.GeneralCallMode = I2C_GENERALCALL_DISABLE;
 229              		.loc 1 189 26 is_stmt 0 view .LVU59
 230 001a 8361     		str	r3, [r0, #24]
 190:Core/Src/main.c ****   hi2c1.Init.NoStretchMode = I2C_NOSTRETCH_DISABLE;
 231              		.loc 1 190 3 is_stmt 1 view .LVU60
 190:Core/Src/main.c ****   hi2c1.Init.NoStretchMode = I2C_NOSTRETCH_DISABLE;
 232              		.loc 1 190 30 is_stmt 0 view .LVU61
 233 001c C361     		str	r3, [r0, #28]
 191:Core/Src/main.c ****   if (HAL_I2C_Init(&hi2c1) != HAL_OK)
 234              		.loc 1 191 3 is_stmt 1 view .LVU62
 191:Core/Src/main.c ****   if (HAL_I2C_Init(&hi2c1) != HAL_OK)
 235              		.loc 1 191 28 is_stmt 0 view .LVU63
 236 001e 0362     		str	r3, [r0, #32]
 192:Core/Src/main.c ****   {
 237              		.loc 1 192 3 is_stmt 1 view .LVU64
 192:Core/Src/main.c ****   {
 238              		.loc 1 192 7 is_stmt 0 view .LVU65
 239 0020 FFF7FEFF 		bl	HAL_I2C_Init
 240              	.LVL2:
 192:Core/Src/main.c ****   {
 241              		.loc 1 192 6 discriminator 1 view .LVU66
 242 0024 00B9     		cbnz	r0, .L10
 200:Core/Src/main.c **** 
 243              		.loc 1 200 1 view .LVU67
 244 0026 08BD     		pop	{r3, pc}
 245              	.L10:
 194:Core/Src/main.c ****   }
 246              		.loc 1 194 5 is_stmt 1 view .LVU68
 247 0028 FFF7FEFF 		bl	Error_Handler
 248              	.LVL3:
 249              	.L12:
 250              		.align	2
 251              	.L11:
 252 002c 00000000 		.word	hi2c1
 253 0030 00540040 		.word	1073763328
 254 0034 A0860100 		.word	100000
 255              		.cfi_endproc
 256              	.LFE136:
 258              		.section	.text.MX_TIM10_Init,"ax",%progbits
 259              		.align	1
 260              		.syntax unified
 261              		.thumb
 262              		.thumb_func
 264              	MX_TIM10_Init:
 265              	.LFB137:
 208:Core/Src/main.c **** 
 266              		.loc 1 208 1 view -0
 267              		.cfi_startproc
 268              		@ args = 0, pretend = 0, frame = 0
 269              		@ frame_needed = 0, uses_anonymous_args = 0
 270 0000 08B5     		push	{r3, lr}
ARM GAS  C:\Users\User\AppData\Local\Temp\ccYbbdje.s 			page 14


 271              		.cfi_def_cfa_offset 8
 272              		.cfi_offset 3, -8
 273              		.cfi_offset 14, -4
 217:Core/Src/main.c ****   htim10.Init.Prescaler = 0;
 274              		.loc 1 217 3 view .LVU70
 217:Core/Src/main.c ****   htim10.Init.Prescaler = 0;
 275              		.loc 1 217 19 is_stmt 0 view .LVU71
 276 0002 0848     		ldr	r0, .L17
 277 0004 084B     		ldr	r3, .L17+4
 278 0006 0360     		str	r3, [r0]
 218:Core/Src/main.c ****   htim10.Init.CounterMode = TIM_COUNTERMODE_UP;
 279              		.loc 1 218 3 is_stmt 1 view .LVU72
 218:Core/Src/main.c ****   htim10.Init.CounterMode = TIM_COUNTERMODE_UP;
 280              		.loc 1 218 25 is_stmt 0 view .LVU73
 281 0008 0023     		movs	r3, #0
 282 000a 4360     		str	r3, [r0, #4]
 219:Core/Src/main.c ****   htim10.Init.Period = 65535;
 283              		.loc 1 219 3 is_stmt 1 view .LVU74
 219:Core/Src/main.c ****   htim10.Init.Period = 65535;
 284              		.loc 1 219 27 is_stmt 0 view .LVU75
 285 000c 8360     		str	r3, [r0, #8]
 220:Core/Src/main.c ****   htim10.Init.ClockDivision = TIM_CLOCKDIVISION_DIV1;
 286              		.loc 1 220 3 is_stmt 1 view .LVU76
 220:Core/Src/main.c ****   htim10.Init.ClockDivision = TIM_CLOCKDIVISION_DIV1;
 287              		.loc 1 220 22 is_stmt 0 view .LVU77
 288 000e 4FF6FF72 		movw	r2, #65535
 289 0012 C260     		str	r2, [r0, #12]
 221:Core/Src/main.c ****   htim10.Init.AutoReloadPreload = TIM_AUTORELOAD_PRELOAD_DISABLE;
 290              		.loc 1 221 3 is_stmt 1 view .LVU78
 221:Core/Src/main.c ****   htim10.Init.AutoReloadPreload = TIM_AUTORELOAD_PRELOAD_DISABLE;
 291              		.loc 1 221 29 is_stmt 0 view .LVU79
 292 0014 0361     		str	r3, [r0, #16]
 222:Core/Src/main.c ****   if (HAL_TIM_Base_Init(&htim10) != HAL_OK)
 293              		.loc 1 222 3 is_stmt 1 view .LVU80
 222:Core/Src/main.c ****   if (HAL_TIM_Base_Init(&htim10) != HAL_OK)
 294              		.loc 1 222 33 is_stmt 0 view .LVU81
 295 0016 8361     		str	r3, [r0, #24]
 223:Core/Src/main.c ****   {
 296              		.loc 1 223 3 is_stmt 1 view .LVU82
 223:Core/Src/main.c ****   {
 297              		.loc 1 223 7 is_stmt 0 view .LVU83
 298 0018 FFF7FEFF 		bl	HAL_TIM_Base_Init
 299              	.LVL4:
 223:Core/Src/main.c ****   {
 300              		.loc 1 223 6 discriminator 1 view .LVU84
 301 001c 00B9     		cbnz	r0, .L16
 231:Core/Src/main.c **** 
 302              		.loc 1 231 1 view .LVU85
 303 001e 08BD     		pop	{r3, pc}
 304              	.L16:
 225:Core/Src/main.c ****   }
 305              		.loc 1 225 5 is_stmt 1 view .LVU86
 306 0020 FFF7FEFF 		bl	Error_Handler
 307              	.LVL5:
 308              	.L18:
 309              		.align	2
 310              	.L17:
ARM GAS  C:\Users\User\AppData\Local\Temp\ccYbbdje.s 			page 15


 311 0024 00000000 		.word	htim10
 312 0028 00440140 		.word	1073824768
 313              		.cfi_endproc
 314              	.LFE137:
 316              		.section	.text.MX_TIM11_Init,"ax",%progbits
 317              		.align	1
 318              		.syntax unified
 319              		.thumb
 320              		.thumb_func
 322              	MX_TIM11_Init:
 323              	.LFB138:
 239:Core/Src/main.c **** 
 324              		.loc 1 239 1 view -0
 325              		.cfi_startproc
 326              		@ args = 0, pretend = 0, frame = 0
 327              		@ frame_needed = 0, uses_anonymous_args = 0
 328 0000 08B5     		push	{r3, lr}
 329              		.cfi_def_cfa_offset 8
 330              		.cfi_offset 3, -8
 331              		.cfi_offset 14, -4
 248:Core/Src/main.c ****   htim11.Init.Prescaler = 0;
 332              		.loc 1 248 3 view .LVU88
 248:Core/Src/main.c ****   htim11.Init.Prescaler = 0;
 333              		.loc 1 248 19 is_stmt 0 view .LVU89
 334 0002 0848     		ldr	r0, .L23
 335 0004 084B     		ldr	r3, .L23+4
 336 0006 0360     		str	r3, [r0]
 249:Core/Src/main.c ****   htim11.Init.CounterMode = TIM_COUNTERMODE_UP;
 337              		.loc 1 249 3 is_stmt 1 view .LVU90
 249:Core/Src/main.c ****   htim11.Init.CounterMode = TIM_COUNTERMODE_UP;
 338              		.loc 1 249 25 is_stmt 0 view .LVU91
 339 0008 0023     		movs	r3, #0
 340 000a 4360     		str	r3, [r0, #4]
 250:Core/Src/main.c ****   htim11.Init.Period = 65535;
 341              		.loc 1 250 3 is_stmt 1 view .LVU92
 250:Core/Src/main.c ****   htim11.Init.Period = 65535;
 342              		.loc 1 250 27 is_stmt 0 view .LVU93
 343 000c 8360     		str	r3, [r0, #8]
 251:Core/Src/main.c ****   htim11.Init.ClockDivision = TIM_CLOCKDIVISION_DIV1;
 344              		.loc 1 251 3 is_stmt 1 view .LVU94
 251:Core/Src/main.c ****   htim11.Init.ClockDivision = TIM_CLOCKDIVISION_DIV1;
 345              		.loc 1 251 22 is_stmt 0 view .LVU95
 346 000e 4FF6FF72 		movw	r2, #65535
 347 0012 C260     		str	r2, [r0, #12]
 252:Core/Src/main.c ****   htim11.Init.AutoReloadPreload = TIM_AUTORELOAD_PRELOAD_DISABLE;
 348              		.loc 1 252 3 is_stmt 1 view .LVU96
 252:Core/Src/main.c ****   htim11.Init.AutoReloadPreload = TIM_AUTORELOAD_PRELOAD_DISABLE;
 349              		.loc 1 252 29 is_stmt 0 view .LVU97
 350 0014 0361     		str	r3, [r0, #16]
 253:Core/Src/main.c ****   if (HAL_TIM_Base_Init(&htim11) != HAL_OK)
 351              		.loc 1 253 3 is_stmt 1 view .LVU98
 253:Core/Src/main.c ****   if (HAL_TIM_Base_Init(&htim11) != HAL_OK)
 352              		.loc 1 253 33 is_stmt 0 view .LVU99
 353 0016 8361     		str	r3, [r0, #24]
 254:Core/Src/main.c ****   {
 354              		.loc 1 254 3 is_stmt 1 view .LVU100
 254:Core/Src/main.c ****   {
ARM GAS  C:\Users\User\AppData\Local\Temp\ccYbbdje.s 			page 16


 355              		.loc 1 254 7 is_stmt 0 view .LVU101
 356 0018 FFF7FEFF 		bl	HAL_TIM_Base_Init
 357              	.LVL6:
 254:Core/Src/main.c ****   {
 358              		.loc 1 254 6 discriminator 1 view .LVU102
 359 001c 00B9     		cbnz	r0, .L22
 262:Core/Src/main.c **** 
 360              		.loc 1 262 1 view .LVU103
 361 001e 08BD     		pop	{r3, pc}
 362              	.L22:
 256:Core/Src/main.c ****   }
 363              		.loc 1 256 5 is_stmt 1 view .LVU104
 364 0020 FFF7FEFF 		bl	Error_Handler
 365              	.LVL7:
 366              	.L24:
 367              		.align	2
 368              	.L23:
 369 0024 00000000 		.word	htim11
 370 0028 00480140 		.word	1073825792
 371              		.cfi_endproc
 372              	.LFE138:
 374              		.section	.text.SystemClock_Config,"ax",%progbits
 375              		.align	1
 376              		.global	SystemClock_Config
 377              		.syntax unified
 378              		.thumb
 379              		.thumb_func
 381              	SystemClock_Config:
 382              	.LFB135:
 128:Core/Src/main.c ****   RCC_OscInitTypeDef RCC_OscInitStruct = {0};
 383              		.loc 1 128 1 view -0
 384              		.cfi_startproc
 385              		@ args = 0, pretend = 0, frame = 80
 386              		@ frame_needed = 0, uses_anonymous_args = 0
 387 0000 00B5     		push	{lr}
 388              		.cfi_def_cfa_offset 4
 389              		.cfi_offset 14, -4
 390 0002 95B0     		sub	sp, sp, #84
 391              		.cfi_def_cfa_offset 88
 129:Core/Src/main.c ****   RCC_ClkInitTypeDef RCC_ClkInitStruct = {0};
 392              		.loc 1 129 3 view .LVU106
 129:Core/Src/main.c ****   RCC_ClkInitTypeDef RCC_ClkInitStruct = {0};
 393              		.loc 1 129 22 is_stmt 0 view .LVU107
 394 0004 3022     		movs	r2, #48
 395 0006 0021     		movs	r1, #0
 396 0008 08A8     		add	r0, sp, #32
 397 000a FFF7FEFF 		bl	memset
 398              	.LVL8:
 130:Core/Src/main.c **** 
 399              		.loc 1 130 3 is_stmt 1 view .LVU108
 130:Core/Src/main.c **** 
 400              		.loc 1 130 22 is_stmt 0 view .LVU109
 401 000e 0023     		movs	r3, #0
 402 0010 0393     		str	r3, [sp, #12]
 403 0012 0493     		str	r3, [sp, #16]
 404 0014 0593     		str	r3, [sp, #20]
 405 0016 0693     		str	r3, [sp, #24]
ARM GAS  C:\Users\User\AppData\Local\Temp\ccYbbdje.s 			page 17


 406 0018 0793     		str	r3, [sp, #28]
 134:Core/Src/main.c ****   __HAL_PWR_VOLTAGESCALING_CONFIG(PWR_REGULATOR_VOLTAGE_SCALE2);
 407              		.loc 1 134 3 is_stmt 1 view .LVU110
 408              	.LBB10:
 134:Core/Src/main.c ****   __HAL_PWR_VOLTAGESCALING_CONFIG(PWR_REGULATOR_VOLTAGE_SCALE2);
 409              		.loc 1 134 3 view .LVU111
 410 001a 0193     		str	r3, [sp, #4]
 134:Core/Src/main.c ****   __HAL_PWR_VOLTAGESCALING_CONFIG(PWR_REGULATOR_VOLTAGE_SCALE2);
 411              		.loc 1 134 3 view .LVU112
 412 001c 1F4A     		ldr	r2, .L31
 413 001e 116C     		ldr	r1, [r2, #64]
 414 0020 41F08051 		orr	r1, r1, #268435456
 415 0024 1164     		str	r1, [r2, #64]
 134:Core/Src/main.c ****   __HAL_PWR_VOLTAGESCALING_CONFIG(PWR_REGULATOR_VOLTAGE_SCALE2);
 416              		.loc 1 134 3 view .LVU113
 417 0026 126C     		ldr	r2, [r2, #64]
 418 0028 02F08052 		and	r2, r2, #268435456
 419 002c 0192     		str	r2, [sp, #4]
 134:Core/Src/main.c ****   __HAL_PWR_VOLTAGESCALING_CONFIG(PWR_REGULATOR_VOLTAGE_SCALE2);
 420              		.loc 1 134 3 view .LVU114
 421 002e 019A     		ldr	r2, [sp, #4]
 422              	.LBE10:
 134:Core/Src/main.c ****   __HAL_PWR_VOLTAGESCALING_CONFIG(PWR_REGULATOR_VOLTAGE_SCALE2);
 423              		.loc 1 134 3 view .LVU115
 135:Core/Src/main.c **** 
 424              		.loc 1 135 3 view .LVU116
 425              	.LBB11:
 135:Core/Src/main.c **** 
 426              		.loc 1 135 3 view .LVU117
 427 0030 0293     		str	r3, [sp, #8]
 135:Core/Src/main.c **** 
 428              		.loc 1 135 3 view .LVU118
 429 0032 1B4A     		ldr	r2, .L31+4
 430 0034 1368     		ldr	r3, [r2]
 431 0036 23F44043 		bic	r3, r3, #49152
 432 003a 43F40043 		orr	r3, r3, #32768
 433 003e 1360     		str	r3, [r2]
 135:Core/Src/main.c **** 
 434              		.loc 1 135 3 view .LVU119
 435 0040 1368     		ldr	r3, [r2]
 436 0042 03F44043 		and	r3, r3, #49152
 437 0046 0293     		str	r3, [sp, #8]
 135:Core/Src/main.c **** 
 438              		.loc 1 135 3 view .LVU120
 439 0048 029B     		ldr	r3, [sp, #8]
 440              	.LBE11:
 135:Core/Src/main.c **** 
 441              		.loc 1 135 3 view .LVU121
 140:Core/Src/main.c ****   RCC_OscInitStruct.HSEState = RCC_HSE_ON;
 442              		.loc 1 140 3 view .LVU122
 140:Core/Src/main.c ****   RCC_OscInitStruct.HSEState = RCC_HSE_ON;
 443              		.loc 1 140 36 is_stmt 0 view .LVU123
 444 004a 0123     		movs	r3, #1
 445 004c 0893     		str	r3, [sp, #32]
 141:Core/Src/main.c ****   RCC_OscInitStruct.PLL.PLLState = RCC_PLL_ON;
 446              		.loc 1 141 3 is_stmt 1 view .LVU124
 141:Core/Src/main.c ****   RCC_OscInitStruct.PLL.PLLState = RCC_PLL_ON;
ARM GAS  C:\Users\User\AppData\Local\Temp\ccYbbdje.s 			page 18


 447              		.loc 1 141 30 is_stmt 0 view .LVU125
 448 004e 4FF48033 		mov	r3, #65536
 449 0052 0993     		str	r3, [sp, #36]
 142:Core/Src/main.c ****   RCC_OscInitStruct.PLL.PLLSource = RCC_PLLSOURCE_HSE;
 450              		.loc 1 142 3 is_stmt 1 view .LVU126
 142:Core/Src/main.c ****   RCC_OscInitStruct.PLL.PLLSource = RCC_PLLSOURCE_HSE;
 451              		.loc 1 142 34 is_stmt 0 view .LVU127
 452 0054 0223     		movs	r3, #2
 453 0056 0E93     		str	r3, [sp, #56]
 143:Core/Src/main.c ****   RCC_OscInitStruct.PLL.PLLM = 15;
 454              		.loc 1 143 3 is_stmt 1 view .LVU128
 143:Core/Src/main.c ****   RCC_OscInitStruct.PLL.PLLM = 15;
 455              		.loc 1 143 35 is_stmt 0 view .LVU129
 456 0058 4FF48002 		mov	r2, #4194304
 457 005c 0F92     		str	r2, [sp, #60]
 144:Core/Src/main.c ****   RCC_OscInitStruct.PLL.PLLN = 144;
 458              		.loc 1 144 3 is_stmt 1 view .LVU130
 144:Core/Src/main.c ****   RCC_OscInitStruct.PLL.PLLN = 144;
 459              		.loc 1 144 30 is_stmt 0 view .LVU131
 460 005e 0F22     		movs	r2, #15
 461 0060 1092     		str	r2, [sp, #64]
 145:Core/Src/main.c ****   RCC_OscInitStruct.PLL.PLLP = RCC_PLLP_DIV2;
 462              		.loc 1 145 3 is_stmt 1 view .LVU132
 145:Core/Src/main.c ****   RCC_OscInitStruct.PLL.PLLP = RCC_PLLP_DIV2;
 463              		.loc 1 145 30 is_stmt 0 view .LVU133
 464 0062 9022     		movs	r2, #144
 465 0064 1192     		str	r2, [sp, #68]
 146:Core/Src/main.c ****   RCC_OscInitStruct.PLL.PLLQ = 5;
 466              		.loc 1 146 3 is_stmt 1 view .LVU134
 146:Core/Src/main.c ****   RCC_OscInitStruct.PLL.PLLQ = 5;
 467              		.loc 1 146 30 is_stmt 0 view .LVU135
 468 0066 1293     		str	r3, [sp, #72]
 147:Core/Src/main.c ****   if (HAL_RCC_OscConfig(&RCC_OscInitStruct) != HAL_OK)
 469              		.loc 1 147 3 is_stmt 1 view .LVU136
 147:Core/Src/main.c ****   if (HAL_RCC_OscConfig(&RCC_OscInitStruct) != HAL_OK)
 470              		.loc 1 147 30 is_stmt 0 view .LVU137
 471 0068 0523     		movs	r3, #5
 472 006a 1393     		str	r3, [sp, #76]
 148:Core/Src/main.c ****   {
 473              		.loc 1 148 3 is_stmt 1 view .LVU138
 148:Core/Src/main.c ****   {
 474              		.loc 1 148 7 is_stmt 0 view .LVU139
 475 006c 08A8     		add	r0, sp, #32
 476 006e FFF7FEFF 		bl	HAL_RCC_OscConfig
 477              	.LVL9:
 148:Core/Src/main.c ****   {
 478              		.loc 1 148 6 discriminator 1 view .LVU140
 479 0072 70B9     		cbnz	r0, .L29
 155:Core/Src/main.c ****                               |RCC_CLOCKTYPE_PCLK1|RCC_CLOCKTYPE_PCLK2;
 480              		.loc 1 155 3 is_stmt 1 view .LVU141
 155:Core/Src/main.c ****                               |RCC_CLOCKTYPE_PCLK1|RCC_CLOCKTYPE_PCLK2;
 481              		.loc 1 155 31 is_stmt 0 view .LVU142
 482 0074 0F23     		movs	r3, #15
 483 0076 0393     		str	r3, [sp, #12]
 157:Core/Src/main.c ****   RCC_ClkInitStruct.AHBCLKDivider = RCC_SYSCLK_DIV1;
 484              		.loc 1 157 3 is_stmt 1 view .LVU143
 157:Core/Src/main.c ****   RCC_ClkInitStruct.AHBCLKDivider = RCC_SYSCLK_DIV1;
ARM GAS  C:\Users\User\AppData\Local\Temp\ccYbbdje.s 			page 19


 485              		.loc 1 157 34 is_stmt 0 view .LVU144
 486 0078 0123     		movs	r3, #1
 487 007a 0493     		str	r3, [sp, #16]
 158:Core/Src/main.c ****   RCC_ClkInitStruct.APB1CLKDivider = RCC_HCLK_DIV1;
 488              		.loc 1 158 3 is_stmt 1 view .LVU145
 158:Core/Src/main.c ****   RCC_ClkInitStruct.APB1CLKDivider = RCC_HCLK_DIV1;
 489              		.loc 1 158 35 is_stmt 0 view .LVU146
 490 007c 0021     		movs	r1, #0
 491 007e 0591     		str	r1, [sp, #20]
 159:Core/Src/main.c ****   RCC_ClkInitStruct.APB2CLKDivider = RCC_HCLK_DIV1;
 492              		.loc 1 159 3 is_stmt 1 view .LVU147
 159:Core/Src/main.c ****   RCC_ClkInitStruct.APB2CLKDivider = RCC_HCLK_DIV1;
 493              		.loc 1 159 36 is_stmt 0 view .LVU148
 494 0080 0691     		str	r1, [sp, #24]
 160:Core/Src/main.c **** 
 495              		.loc 1 160 3 is_stmt 1 view .LVU149
 160:Core/Src/main.c **** 
 496              		.loc 1 160 36 is_stmt 0 view .LVU150
 497 0082 0791     		str	r1, [sp, #28]
 162:Core/Src/main.c ****   {
 498              		.loc 1 162 3 is_stmt 1 view .LVU151
 162:Core/Src/main.c ****   {
 499              		.loc 1 162 7 is_stmt 0 view .LVU152
 500 0084 03A8     		add	r0, sp, #12
 501 0086 FFF7FEFF 		bl	HAL_RCC_ClockConfig
 502              	.LVL10:
 162:Core/Src/main.c ****   {
 503              		.loc 1 162 6 discriminator 1 view .LVU153
 504 008a 20B9     		cbnz	r0, .L30
 166:Core/Src/main.c **** 
 505              		.loc 1 166 1 view .LVU154
 506 008c 15B0     		add	sp, sp, #84
 507              		.cfi_remember_state
 508              		.cfi_def_cfa_offset 4
 509              		@ sp needed
 510 008e 5DF804FB 		ldr	pc, [sp], #4
 511              	.L29:
 512              		.cfi_restore_state
 150:Core/Src/main.c ****   }
 513              		.loc 1 150 5 is_stmt 1 view .LVU155
 514 0092 FFF7FEFF 		bl	Error_Handler
 515              	.LVL11:
 516              	.L30:
 164:Core/Src/main.c ****   }
 517              		.loc 1 164 5 view .LVU156
 518 0096 FFF7FEFF 		bl	Error_Handler
 519              	.LVL12:
 520              	.L32:
 521 009a 00BF     		.align	2
 522              	.L31:
 523 009c 00380240 		.word	1073887232
 524 00a0 00700040 		.word	1073770496
 525              		.cfi_endproc
 526              	.LFE135:
 528              		.section	.text.main,"ax",%progbits
 529              		.align	1
 530              		.global	main
ARM GAS  C:\Users\User\AppData\Local\Temp\ccYbbdje.s 			page 20


 531              		.syntax unified
 532              		.thumb
 533              		.thumb_func
 535              	main:
 536              	.LFB134:
  73:Core/Src/main.c ****   /* USER CODE BEGIN 1 */
 537              		.loc 1 73 1 view -0
 538              		.cfi_startproc
 539              		@ args = 0, pretend = 0, frame = 0
 540              		@ frame_needed = 0, uses_anonymous_args = 0
 541 0000 08B5     		push	{r3, lr}
 542              		.cfi_def_cfa_offset 8
 543              		.cfi_offset 3, -8
 544              		.cfi_offset 14, -4
  75:Core/Src/main.c ****   /* USER CODE END 1 */
 545              		.loc 1 75 3 view .LVU158
 546              	.LVL13:
  81:Core/Src/main.c **** 
 547              		.loc 1 81 3 view .LVU159
 548 0002 FFF7FEFF 		bl	HAL_Init
 549              	.LVL14:
  88:Core/Src/main.c **** 
 550              		.loc 1 88 3 view .LVU160
 551 0006 FFF7FEFF 		bl	SystemClock_Config
 552              	.LVL15:
  95:Core/Src/main.c ****   MX_I2C1_Init();
 553              		.loc 1 95 3 view .LVU161
 554 000a FFF7FEFF 		bl	MX_GPIO_Init
 555              	.LVL16:
  96:Core/Src/main.c ****   MX_TIM10_Init();
 556              		.loc 1 96 3 view .LVU162
 557 000e FFF7FEFF 		bl	MX_I2C1_Init
 558              	.LVL17:
  97:Core/Src/main.c ****   MX_TIM11_Init();
 559              		.loc 1 97 3 view .LVU163
 560 0012 FFF7FEFF 		bl	MX_TIM10_Init
 561              	.LVL18:
  98:Core/Src/main.c ****   MX_USB_DEVICE_Init();
 562              		.loc 1 98 3 view .LVU164
 563 0016 FFF7FEFF 		bl	MX_TIM11_Init
 564              	.LVL19:
  99:Core/Src/main.c ****   /* USER CODE BEGIN 2 */
 565              		.loc 1 99 3 view .LVU165
 566 001a FFF7FEFF 		bl	MX_USB_DEVICE_Init
 567              	.LVL20:
 568 001e 06E0     		b	.L35
 569              	.LVL21:
 570              	.L37:
 571              	.LBB12:
 116:Core/Src/main.c ****     }
 572              		.loc 1 116 9 view .LVU166
 573 0020 0320     		movs	r0, #3
 574              	.LVL22:
 116:Core/Src/main.c ****     }
 575              		.loc 1 116 9 is_stmt 0 view .LVU167
 576 0022 FFF7FEFF 		bl	led_blink_number
 577              	.LVL23:
ARM GAS  C:\Users\User\AppData\Local\Temp\ccYbbdje.s 			page 21


 578              	.L34:
 579              	.LBE12:
 118:Core/Src/main.c ****   }
 580              		.loc 1 118 5 is_stmt 1 view .LVU168
 581 0026 41F28830 		movw	r0, #5000
 582 002a FFF7FEFF 		bl	HAL_Delay
 583              	.LVL24:
 106:Core/Src/main.c ****   {
 584              		.loc 1 106 9 view .LVU169
 585              	.L35:
 106:Core/Src/main.c ****   {
 586              		.loc 1 106 3 view .LVU170
 113:Core/Src/main.c ****     if(temp != HAL_OK)
 587              		.loc 1 113 5 view .LVU171
 113:Core/Src/main.c ****     if(temp != HAL_OK)
 588              		.loc 1 113 12 is_stmt 0 view .LVU172
 589 002e 6423     		movs	r3, #100
 590 0030 0522     		movs	r2, #5
 591 0032 4821     		movs	r1, #72
 592 0034 0248     		ldr	r0, .L38
 593 0036 FFF7FEFF 		bl	HAL_I2C_IsDeviceReady
 594              	.LVL25:
 114:Core/Src/main.c ****     {
 595              		.loc 1 114 5 is_stmt 1 view .LVU173
 114:Core/Src/main.c ****     {
 596              		.loc 1 114 7 is_stmt 0 view .LVU174
 597 003a 0028     		cmp	r0, #0
 598 003c F0D1     		bne	.L37
 599 003e F2E7     		b	.L34
 600              	.L39:
 601              		.align	2
 602              	.L38:
 603 0040 00000000 		.word	hi2c1
 604              		.cfi_endproc
 605              	.LFE134:
 607              		.global	htim11
 608              		.section	.bss.htim11,"aw",%nobits
 609              		.align	2
 612              	htim11:
 613 0000 00000000 		.space	72
 613      00000000 
 613      00000000 
 613      00000000 
 613      00000000 
 614              		.global	htim10
 615              		.section	.bss.htim10,"aw",%nobits
 616              		.align	2
 619              	htim10:
 620 0000 00000000 		.space	72
 620      00000000 
 620      00000000 
 620      00000000 
 620      00000000 
 621              		.global	hi2c1
 622              		.section	.bss.hi2c1,"aw",%nobits
 623              		.align	2
 626              	hi2c1:
ARM GAS  C:\Users\User\AppData\Local\Temp\ccYbbdje.s 			page 22


 627 0000 00000000 		.space	84
 627      00000000 
 627      00000000 
 627      00000000 
 627      00000000 
 628              		.text
 629              	.Letext0:
 630              		.file 3 "C:/Users/User/AppData/Roaming/Code/User/globalStorage/bmd.stm32-for-vscode/@xpack-dev-too
 631              		.file 4 "C:/Users/User/AppData/Roaming/Code/User/globalStorage/bmd.stm32-for-vscode/@xpack-dev-too
 632              		.file 5 "Drivers/CMSIS/Device/ST/STM32F4xx/Include/stm32f401xc.h"
 633              		.file 6 "Drivers/STM32F4xx_HAL_Driver/Inc/stm32f4xx_hal_def.h"
 634              		.file 7 "Drivers/STM32F4xx_HAL_Driver/Inc/stm32f4xx_hal_rcc_ex.h"
 635              		.file 8 "Drivers/STM32F4xx_HAL_Driver/Inc/stm32f4xx_hal_rcc.h"
 636              		.file 9 "Drivers/STM32F4xx_HAL_Driver/Inc/stm32f4xx_hal_gpio.h"
 637              		.file 10 "Drivers/STM32F4xx_HAL_Driver/Inc/stm32f4xx_hal_dma.h"
 638              		.file 11 "Drivers/STM32F4xx_HAL_Driver/Inc/stm32f4xx_hal_i2c.h"
 639              		.file 12 "Drivers/STM32F4xx_HAL_Driver/Inc/stm32f4xx_hal_tim.h"
 640              		.file 13 "Drivers/STM32F4xx_HAL_Driver/Inc/stm32f4xx_hal.h"
 641              		.file 14 "USB_DEVICE/App/usb_device.h"
 642              		.file 15 "<built-in>"
ARM GAS  C:\Users\User\AppData\Local\Temp\ccYbbdje.s 			page 23


DEFINED SYMBOLS
                            *ABS*:00000000 main.c
C:\Users\User\AppData\Local\Temp\ccYbbdje.s:21     .text.MX_GPIO_Init:00000000 $t
C:\Users\User\AppData\Local\Temp\ccYbbdje.s:26     .text.MX_GPIO_Init:00000000 MX_GPIO_Init
C:\Users\User\AppData\Local\Temp\ccYbbdje.s:146    .text.MX_GPIO_Init:0000008c $d
C:\Users\User\AppData\Local\Temp\ccYbbdje.s:152    .text.Error_Handler:00000000 $t
C:\Users\User\AppData\Local\Temp\ccYbbdje.s:158    .text.Error_Handler:00000000 Error_Handler
C:\Users\User\AppData\Local\Temp\ccYbbdje.s:190    .text.MX_I2C1_Init:00000000 $t
C:\Users\User\AppData\Local\Temp\ccYbbdje.s:195    .text.MX_I2C1_Init:00000000 MX_I2C1_Init
C:\Users\User\AppData\Local\Temp\ccYbbdje.s:252    .text.MX_I2C1_Init:0000002c $d
C:\Users\User\AppData\Local\Temp\ccYbbdje.s:626    .bss.hi2c1:00000000 hi2c1
C:\Users\User\AppData\Local\Temp\ccYbbdje.s:259    .text.MX_TIM10_Init:00000000 $t
C:\Users\User\AppData\Local\Temp\ccYbbdje.s:264    .text.MX_TIM10_Init:00000000 MX_TIM10_Init
C:\Users\User\AppData\Local\Temp\ccYbbdje.s:311    .text.MX_TIM10_Init:00000024 $d
C:\Users\User\AppData\Local\Temp\ccYbbdje.s:619    .bss.htim10:00000000 htim10
C:\Users\User\AppData\Local\Temp\ccYbbdje.s:317    .text.MX_TIM11_Init:00000000 $t
C:\Users\User\AppData\Local\Temp\ccYbbdje.s:322    .text.MX_TIM11_Init:00000000 MX_TIM11_Init
C:\Users\User\AppData\Local\Temp\ccYbbdje.s:369    .text.MX_TIM11_Init:00000024 $d
C:\Users\User\AppData\Local\Temp\ccYbbdje.s:612    .bss.htim11:00000000 htim11
C:\Users\User\AppData\Local\Temp\ccYbbdje.s:375    .text.SystemClock_Config:00000000 $t
C:\Users\User\AppData\Local\Temp\ccYbbdje.s:381    .text.SystemClock_Config:00000000 SystemClock_Config
C:\Users\User\AppData\Local\Temp\ccYbbdje.s:523    .text.SystemClock_Config:0000009c $d
C:\Users\User\AppData\Local\Temp\ccYbbdje.s:529    .text.main:00000000 $t
C:\Users\User\AppData\Local\Temp\ccYbbdje.s:535    .text.main:00000000 main
C:\Users\User\AppData\Local\Temp\ccYbbdje.s:603    .text.main:00000040 $d
C:\Users\User\AppData\Local\Temp\ccYbbdje.s:609    .bss.htim11:00000000 $d
C:\Users\User\AppData\Local\Temp\ccYbbdje.s:616    .bss.htim10:00000000 $d
C:\Users\User\AppData\Local\Temp\ccYbbdje.s:623    .bss.hi2c1:00000000 $d

UNDEFINED SYMBOLS
HAL_GPIO_WritePin
HAL_GPIO_Init
HAL_I2C_Init
HAL_TIM_Base_Init
memset
HAL_RCC_OscConfig
HAL_RCC_ClockConfig
HAL_Init
MX_USB_DEVICE_Init
led_blink_number
HAL_Delay
HAL_I2C_IsDeviceReady
