ARM GAS  C:\Users\User\AppData\Local\Temp\cc7SKfwf.s 			page 1


   1              		.cpu cortex-m4
   2              		.arch armv7e-m
   3              		.fpu fpv4-sp-d16
   4              		.eabi_attribute 27, 1
   5              		.eabi_attribute 28, 1
   6              		.eabi_attribute 20, 1
   7              		.eabi_attribute 21, 1
   8              		.eabi_attribute 23, 3
   9              		.eabi_attribute 24, 1
  10              		.eabi_attribute 25, 1
  11              		.eabi_attribute 26, 1
  12              		.eabi_attribute 30, 1
  13              		.eabi_attribute 34, 1
  14              		.eabi_attribute 18, 4
  15              		.file	"usbd_desc.c"
  16              		.text
  17              	.Ltext0:
  18              		.cfi_sections	.debug_frame
  19              		.file 1 "USB_DEVICE/App/usbd_desc.c"
  20              		.section	.text.USBD_FS_DeviceDescriptor,"ax",%progbits
  21              		.align	1
  22              		.global	USBD_FS_DeviceDescriptor
  23              		.syntax unified
  24              		.thumb
  25              		.thumb_func
  27              	USBD_FS_DeviceDescriptor:
  28              	.LVL0:
  29              	.LFB134:
   1:USB_DEVICE/App/usbd_desc.c **** /* USER CODE BEGIN Header */
   2:USB_DEVICE/App/usbd_desc.c **** /**
   3:USB_DEVICE/App/usbd_desc.c ****   ******************************************************************************
   4:USB_DEVICE/App/usbd_desc.c ****   * @file           : App/usbd_desc.c
   5:USB_DEVICE/App/usbd_desc.c ****   * @version        : v1.0_Cube
   6:USB_DEVICE/App/usbd_desc.c ****   * @brief          : This file implements the USB device descriptors.
   7:USB_DEVICE/App/usbd_desc.c ****   ******************************************************************************
   8:USB_DEVICE/App/usbd_desc.c ****   * @attention
   9:USB_DEVICE/App/usbd_desc.c ****   *
  10:USB_DEVICE/App/usbd_desc.c ****   * Copyright (c) 2024 STMicroelectronics.
  11:USB_DEVICE/App/usbd_desc.c ****   * All rights reserved.
  12:USB_DEVICE/App/usbd_desc.c ****   *
  13:USB_DEVICE/App/usbd_desc.c ****   * This software is licensed under terms that can be found in the LICENSE file
  14:USB_DEVICE/App/usbd_desc.c ****   * in the root directory of this software component.
  15:USB_DEVICE/App/usbd_desc.c ****   * If no LICENSE file comes with this software, it is provided AS-IS.
  16:USB_DEVICE/App/usbd_desc.c ****   *
  17:USB_DEVICE/App/usbd_desc.c ****   ******************************************************************************
  18:USB_DEVICE/App/usbd_desc.c ****   */
  19:USB_DEVICE/App/usbd_desc.c **** /* USER CODE END Header */
  20:USB_DEVICE/App/usbd_desc.c **** 
  21:USB_DEVICE/App/usbd_desc.c **** /* Includes ------------------------------------------------------------------*/
  22:USB_DEVICE/App/usbd_desc.c **** #include "usbd_core.h"
  23:USB_DEVICE/App/usbd_desc.c **** #include "usbd_desc.h"
  24:USB_DEVICE/App/usbd_desc.c **** #include "usbd_conf.h"
  25:USB_DEVICE/App/usbd_desc.c **** 
  26:USB_DEVICE/App/usbd_desc.c **** /* USER CODE BEGIN INCLUDE */
  27:USB_DEVICE/App/usbd_desc.c **** 
  28:USB_DEVICE/App/usbd_desc.c **** /* USER CODE END INCLUDE */
  29:USB_DEVICE/App/usbd_desc.c **** 
ARM GAS  C:\Users\User\AppData\Local\Temp\cc7SKfwf.s 			page 2


  30:USB_DEVICE/App/usbd_desc.c **** /* Private typedef -----------------------------------------------------------*/
  31:USB_DEVICE/App/usbd_desc.c **** /* Private define ------------------------------------------------------------*/
  32:USB_DEVICE/App/usbd_desc.c **** /* Private macro -------------------------------------------------------------*/
  33:USB_DEVICE/App/usbd_desc.c **** 
  34:USB_DEVICE/App/usbd_desc.c **** /* USER CODE BEGIN PV */
  35:USB_DEVICE/App/usbd_desc.c **** /* Private variables ---------------------------------------------------------*/
  36:USB_DEVICE/App/usbd_desc.c **** 
  37:USB_DEVICE/App/usbd_desc.c **** /* USER CODE END PV */
  38:USB_DEVICE/App/usbd_desc.c **** 
  39:USB_DEVICE/App/usbd_desc.c **** /** @addtogroup STM32_USB_OTG_DEVICE_LIBRARY
  40:USB_DEVICE/App/usbd_desc.c ****   * @{
  41:USB_DEVICE/App/usbd_desc.c ****   */
  42:USB_DEVICE/App/usbd_desc.c **** 
  43:USB_DEVICE/App/usbd_desc.c **** /** @addtogroup USBD_DESC
  44:USB_DEVICE/App/usbd_desc.c ****   * @{
  45:USB_DEVICE/App/usbd_desc.c ****   */
  46:USB_DEVICE/App/usbd_desc.c **** 
  47:USB_DEVICE/App/usbd_desc.c **** /** @defgroup USBD_DESC_Private_TypesDefinitions USBD_DESC_Private_TypesDefinitions
  48:USB_DEVICE/App/usbd_desc.c ****   * @brief Private types.
  49:USB_DEVICE/App/usbd_desc.c ****   * @{
  50:USB_DEVICE/App/usbd_desc.c ****   */
  51:USB_DEVICE/App/usbd_desc.c **** 
  52:USB_DEVICE/App/usbd_desc.c **** /* USER CODE BEGIN PRIVATE_TYPES */
  53:USB_DEVICE/App/usbd_desc.c **** 
  54:USB_DEVICE/App/usbd_desc.c **** /* USER CODE END PRIVATE_TYPES */
  55:USB_DEVICE/App/usbd_desc.c **** 
  56:USB_DEVICE/App/usbd_desc.c **** /**
  57:USB_DEVICE/App/usbd_desc.c ****   * @}
  58:USB_DEVICE/App/usbd_desc.c ****   */
  59:USB_DEVICE/App/usbd_desc.c **** 
  60:USB_DEVICE/App/usbd_desc.c **** /** @defgroup USBD_DESC_Private_Defines USBD_DESC_Private_Defines
  61:USB_DEVICE/App/usbd_desc.c ****   * @brief Private defines.
  62:USB_DEVICE/App/usbd_desc.c ****   * @{
  63:USB_DEVICE/App/usbd_desc.c ****   */
  64:USB_DEVICE/App/usbd_desc.c **** 
  65:USB_DEVICE/App/usbd_desc.c **** #define USBD_VID     1155
  66:USB_DEVICE/App/usbd_desc.c **** #define USBD_LANGID_STRING     1033
  67:USB_DEVICE/App/usbd_desc.c **** #define USBD_MANUFACTURER_STRING     "STMicroelectronics"
  68:USB_DEVICE/App/usbd_desc.c **** #define USBD_PID_FS     22336
  69:USB_DEVICE/App/usbd_desc.c **** #define USBD_PRODUCT_STRING_FS     "STM32 Virtual ComPort"
  70:USB_DEVICE/App/usbd_desc.c **** #define USBD_CONFIGURATION_STRING_FS     "CDC Config"
  71:USB_DEVICE/App/usbd_desc.c **** #define USBD_INTERFACE_STRING_FS     "CDC Interface"
  72:USB_DEVICE/App/usbd_desc.c **** 
  73:USB_DEVICE/App/usbd_desc.c **** #define USB_SIZ_BOS_DESC            0x0C
  74:USB_DEVICE/App/usbd_desc.c **** 
  75:USB_DEVICE/App/usbd_desc.c **** /* USER CODE BEGIN PRIVATE_DEFINES */
  76:USB_DEVICE/App/usbd_desc.c **** 
  77:USB_DEVICE/App/usbd_desc.c **** /* USER CODE END PRIVATE_DEFINES */
  78:USB_DEVICE/App/usbd_desc.c **** 
  79:USB_DEVICE/App/usbd_desc.c **** /**
  80:USB_DEVICE/App/usbd_desc.c ****   * @}
  81:USB_DEVICE/App/usbd_desc.c ****   */
  82:USB_DEVICE/App/usbd_desc.c **** 
  83:USB_DEVICE/App/usbd_desc.c **** /* USER CODE BEGIN 0 */
  84:USB_DEVICE/App/usbd_desc.c **** 
  85:USB_DEVICE/App/usbd_desc.c **** /* USER CODE END 0 */
  86:USB_DEVICE/App/usbd_desc.c **** 
ARM GAS  C:\Users\User\AppData\Local\Temp\cc7SKfwf.s 			page 3


  87:USB_DEVICE/App/usbd_desc.c **** /** @defgroup USBD_DESC_Private_Macros USBD_DESC_Private_Macros
  88:USB_DEVICE/App/usbd_desc.c ****   * @brief Private macros.
  89:USB_DEVICE/App/usbd_desc.c ****   * @{
  90:USB_DEVICE/App/usbd_desc.c ****   */
  91:USB_DEVICE/App/usbd_desc.c **** 
  92:USB_DEVICE/App/usbd_desc.c **** /* USER CODE BEGIN PRIVATE_MACRO */
  93:USB_DEVICE/App/usbd_desc.c **** 
  94:USB_DEVICE/App/usbd_desc.c **** /* USER CODE END PRIVATE_MACRO */
  95:USB_DEVICE/App/usbd_desc.c **** 
  96:USB_DEVICE/App/usbd_desc.c **** /**
  97:USB_DEVICE/App/usbd_desc.c ****   * @}
  98:USB_DEVICE/App/usbd_desc.c ****   */
  99:USB_DEVICE/App/usbd_desc.c **** 
 100:USB_DEVICE/App/usbd_desc.c **** /** @defgroup USBD_DESC_Private_FunctionPrototypes USBD_DESC_Private_FunctionPrototypes
 101:USB_DEVICE/App/usbd_desc.c ****   * @brief Private functions declaration.
 102:USB_DEVICE/App/usbd_desc.c ****   * @{
 103:USB_DEVICE/App/usbd_desc.c ****   */
 104:USB_DEVICE/App/usbd_desc.c **** 
 105:USB_DEVICE/App/usbd_desc.c **** static void Get_SerialNum(void);
 106:USB_DEVICE/App/usbd_desc.c **** static void IntToUnicode(uint32_t value, uint8_t * pbuf, uint8_t len);
 107:USB_DEVICE/App/usbd_desc.c **** 
 108:USB_DEVICE/App/usbd_desc.c **** /**
 109:USB_DEVICE/App/usbd_desc.c ****   * @}
 110:USB_DEVICE/App/usbd_desc.c ****   */
 111:USB_DEVICE/App/usbd_desc.c **** 
 112:USB_DEVICE/App/usbd_desc.c **** /** @defgroup USBD_DESC_Private_FunctionPrototypes USBD_DESC_Private_FunctionPrototypes
 113:USB_DEVICE/App/usbd_desc.c ****   * @brief Private functions declaration for FS.
 114:USB_DEVICE/App/usbd_desc.c ****   * @{
 115:USB_DEVICE/App/usbd_desc.c ****   */
 116:USB_DEVICE/App/usbd_desc.c **** 
 117:USB_DEVICE/App/usbd_desc.c **** uint8_t * USBD_FS_DeviceDescriptor(USBD_SpeedTypeDef speed, uint16_t *length);
 118:USB_DEVICE/App/usbd_desc.c **** uint8_t * USBD_FS_LangIDStrDescriptor(USBD_SpeedTypeDef speed, uint16_t *length);
 119:USB_DEVICE/App/usbd_desc.c **** uint8_t * USBD_FS_ManufacturerStrDescriptor(USBD_SpeedTypeDef speed, uint16_t *length);
 120:USB_DEVICE/App/usbd_desc.c **** uint8_t * USBD_FS_ProductStrDescriptor(USBD_SpeedTypeDef speed, uint16_t *length);
 121:USB_DEVICE/App/usbd_desc.c **** uint8_t * USBD_FS_SerialStrDescriptor(USBD_SpeedTypeDef speed, uint16_t *length);
 122:USB_DEVICE/App/usbd_desc.c **** uint8_t * USBD_FS_ConfigStrDescriptor(USBD_SpeedTypeDef speed, uint16_t *length);
 123:USB_DEVICE/App/usbd_desc.c **** uint8_t * USBD_FS_InterfaceStrDescriptor(USBD_SpeedTypeDef speed, uint16_t *length);
 124:USB_DEVICE/App/usbd_desc.c **** #if (USBD_LPM_ENABLED == 1)
 125:USB_DEVICE/App/usbd_desc.c **** uint8_t * USBD_FS_USR_BOSDescriptor(USBD_SpeedTypeDef speed, uint16_t *length);
 126:USB_DEVICE/App/usbd_desc.c **** #endif /* (USBD_LPM_ENABLED == 1) */
 127:USB_DEVICE/App/usbd_desc.c **** 
 128:USB_DEVICE/App/usbd_desc.c **** /**
 129:USB_DEVICE/App/usbd_desc.c ****   * @}
 130:USB_DEVICE/App/usbd_desc.c ****   */
 131:USB_DEVICE/App/usbd_desc.c **** 
 132:USB_DEVICE/App/usbd_desc.c **** /** @defgroup USBD_DESC_Private_Variables USBD_DESC_Private_Variables
 133:USB_DEVICE/App/usbd_desc.c ****   * @brief Private variables.
 134:USB_DEVICE/App/usbd_desc.c ****   * @{
 135:USB_DEVICE/App/usbd_desc.c ****   */
 136:USB_DEVICE/App/usbd_desc.c **** 
 137:USB_DEVICE/App/usbd_desc.c **** USBD_DescriptorsTypeDef FS_Desc =
 138:USB_DEVICE/App/usbd_desc.c **** {
 139:USB_DEVICE/App/usbd_desc.c ****   USBD_FS_DeviceDescriptor
 140:USB_DEVICE/App/usbd_desc.c **** , USBD_FS_LangIDStrDescriptor
 141:USB_DEVICE/App/usbd_desc.c **** , USBD_FS_ManufacturerStrDescriptor
 142:USB_DEVICE/App/usbd_desc.c **** , USBD_FS_ProductStrDescriptor
 143:USB_DEVICE/App/usbd_desc.c **** , USBD_FS_SerialStrDescriptor
ARM GAS  C:\Users\User\AppData\Local\Temp\cc7SKfwf.s 			page 4


 144:USB_DEVICE/App/usbd_desc.c **** , USBD_FS_ConfigStrDescriptor
 145:USB_DEVICE/App/usbd_desc.c **** , USBD_FS_InterfaceStrDescriptor
 146:USB_DEVICE/App/usbd_desc.c **** #if (USBD_LPM_ENABLED == 1)
 147:USB_DEVICE/App/usbd_desc.c **** , USBD_FS_USR_BOSDescriptor
 148:USB_DEVICE/App/usbd_desc.c **** #endif /* (USBD_LPM_ENABLED == 1) */
 149:USB_DEVICE/App/usbd_desc.c **** };
 150:USB_DEVICE/App/usbd_desc.c **** 
 151:USB_DEVICE/App/usbd_desc.c **** #if defined ( __ICCARM__ ) /* IAR Compiler */
 152:USB_DEVICE/App/usbd_desc.c ****   #pragma data_alignment=4
 153:USB_DEVICE/App/usbd_desc.c **** #endif /* defined ( __ICCARM__ ) */
 154:USB_DEVICE/App/usbd_desc.c **** /** USB standard device descriptor. */
 155:USB_DEVICE/App/usbd_desc.c **** __ALIGN_BEGIN uint8_t USBD_FS_DeviceDesc[USB_LEN_DEV_DESC] __ALIGN_END =
 156:USB_DEVICE/App/usbd_desc.c **** {
 157:USB_DEVICE/App/usbd_desc.c ****   0x12,                       /*bLength */
 158:USB_DEVICE/App/usbd_desc.c ****   USB_DESC_TYPE_DEVICE,       /*bDescriptorType*/
 159:USB_DEVICE/App/usbd_desc.c **** #if (USBD_LPM_ENABLED == 1)
 160:USB_DEVICE/App/usbd_desc.c ****   0x01,                       /*bcdUSB */ /* changed to USB version 2.01
 161:USB_DEVICE/App/usbd_desc.c ****                                              in order to support LPM L1 suspend
 162:USB_DEVICE/App/usbd_desc.c ****                                              resume test of USBCV3.0*/
 163:USB_DEVICE/App/usbd_desc.c **** #else
 164:USB_DEVICE/App/usbd_desc.c ****   0x00,                       /*bcdUSB */
 165:USB_DEVICE/App/usbd_desc.c **** #endif /* (USBD_LPM_ENABLED == 1) */
 166:USB_DEVICE/App/usbd_desc.c ****   0x02,
 167:USB_DEVICE/App/usbd_desc.c ****   0x02,                       /*bDeviceClass*/
 168:USB_DEVICE/App/usbd_desc.c ****   0x02,                       /*bDeviceSubClass*/
 169:USB_DEVICE/App/usbd_desc.c ****   0x00,                       /*bDeviceProtocol*/
 170:USB_DEVICE/App/usbd_desc.c ****   USB_MAX_EP0_SIZE,           /*bMaxPacketSize*/
 171:USB_DEVICE/App/usbd_desc.c ****   LOBYTE(USBD_VID),           /*idVendor*/
 172:USB_DEVICE/App/usbd_desc.c ****   HIBYTE(USBD_VID),           /*idVendor*/
 173:USB_DEVICE/App/usbd_desc.c ****   LOBYTE(USBD_PID_FS),        /*idProduct*/
 174:USB_DEVICE/App/usbd_desc.c ****   HIBYTE(USBD_PID_FS),        /*idProduct*/
 175:USB_DEVICE/App/usbd_desc.c ****   0x00,                       /*bcdDevice rel. 2.00*/
 176:USB_DEVICE/App/usbd_desc.c ****   0x02,
 177:USB_DEVICE/App/usbd_desc.c ****   USBD_IDX_MFC_STR,           /*Index of manufacturer  string*/
 178:USB_DEVICE/App/usbd_desc.c ****   USBD_IDX_PRODUCT_STR,       /*Index of product string*/
 179:USB_DEVICE/App/usbd_desc.c ****   USBD_IDX_SERIAL_STR,        /*Index of serial number string*/
 180:USB_DEVICE/App/usbd_desc.c ****   USBD_MAX_NUM_CONFIGURATION  /*bNumConfigurations*/
 181:USB_DEVICE/App/usbd_desc.c **** };
 182:USB_DEVICE/App/usbd_desc.c **** 
 183:USB_DEVICE/App/usbd_desc.c **** /* USB_DeviceDescriptor */
 184:USB_DEVICE/App/usbd_desc.c **** /** BOS descriptor. */
 185:USB_DEVICE/App/usbd_desc.c **** #if (USBD_LPM_ENABLED == 1)
 186:USB_DEVICE/App/usbd_desc.c **** #if defined ( __ICCARM__ ) /* IAR Compiler */
 187:USB_DEVICE/App/usbd_desc.c ****   #pragma data_alignment=4
 188:USB_DEVICE/App/usbd_desc.c **** #endif /* defined ( __ICCARM__ ) */
 189:USB_DEVICE/App/usbd_desc.c **** __ALIGN_BEGIN uint8_t USBD_FS_BOSDesc[USB_SIZ_BOS_DESC] __ALIGN_END =
 190:USB_DEVICE/App/usbd_desc.c **** {
 191:USB_DEVICE/App/usbd_desc.c ****   0x5,
 192:USB_DEVICE/App/usbd_desc.c ****   USB_DESC_TYPE_BOS,
 193:USB_DEVICE/App/usbd_desc.c ****   0xC,
 194:USB_DEVICE/App/usbd_desc.c ****   0x0,
 195:USB_DEVICE/App/usbd_desc.c ****   0x1,  /* 1 device capability*/
 196:USB_DEVICE/App/usbd_desc.c ****         /* device capability*/
 197:USB_DEVICE/App/usbd_desc.c ****   0x7,
 198:USB_DEVICE/App/usbd_desc.c ****   USB_DEVICE_CAPABITY_TYPE,
 199:USB_DEVICE/App/usbd_desc.c ****   0x2,
 200:USB_DEVICE/App/usbd_desc.c ****   0x2,  /* LPM capability bit set*/
ARM GAS  C:\Users\User\AppData\Local\Temp\cc7SKfwf.s 			page 5


 201:USB_DEVICE/App/usbd_desc.c ****   0x0,
 202:USB_DEVICE/App/usbd_desc.c ****   0x0,
 203:USB_DEVICE/App/usbd_desc.c ****   0x0
 204:USB_DEVICE/App/usbd_desc.c **** };
 205:USB_DEVICE/App/usbd_desc.c **** #endif /* (USBD_LPM_ENABLED == 1) */
 206:USB_DEVICE/App/usbd_desc.c **** 
 207:USB_DEVICE/App/usbd_desc.c **** /**
 208:USB_DEVICE/App/usbd_desc.c ****   * @}
 209:USB_DEVICE/App/usbd_desc.c ****   */
 210:USB_DEVICE/App/usbd_desc.c **** 
 211:USB_DEVICE/App/usbd_desc.c **** /** @defgroup USBD_DESC_Private_Variables USBD_DESC_Private_Variables
 212:USB_DEVICE/App/usbd_desc.c ****   * @brief Private variables.
 213:USB_DEVICE/App/usbd_desc.c ****   * @{
 214:USB_DEVICE/App/usbd_desc.c ****   */
 215:USB_DEVICE/App/usbd_desc.c **** 
 216:USB_DEVICE/App/usbd_desc.c **** #if defined ( __ICCARM__ ) /* IAR Compiler */
 217:USB_DEVICE/App/usbd_desc.c ****   #pragma data_alignment=4
 218:USB_DEVICE/App/usbd_desc.c **** #endif /* defined ( __ICCARM__ ) */
 219:USB_DEVICE/App/usbd_desc.c **** 
 220:USB_DEVICE/App/usbd_desc.c **** /** USB lang identifier descriptor. */
 221:USB_DEVICE/App/usbd_desc.c **** __ALIGN_BEGIN uint8_t USBD_LangIDDesc[USB_LEN_LANGID_STR_DESC] __ALIGN_END =
 222:USB_DEVICE/App/usbd_desc.c **** {
 223:USB_DEVICE/App/usbd_desc.c ****      USB_LEN_LANGID_STR_DESC,
 224:USB_DEVICE/App/usbd_desc.c ****      USB_DESC_TYPE_STRING,
 225:USB_DEVICE/App/usbd_desc.c ****      LOBYTE(USBD_LANGID_STRING),
 226:USB_DEVICE/App/usbd_desc.c ****      HIBYTE(USBD_LANGID_STRING)
 227:USB_DEVICE/App/usbd_desc.c **** };
 228:USB_DEVICE/App/usbd_desc.c **** 
 229:USB_DEVICE/App/usbd_desc.c **** #if defined ( __ICCARM__ ) /* IAR Compiler */
 230:USB_DEVICE/App/usbd_desc.c ****   #pragma data_alignment=4
 231:USB_DEVICE/App/usbd_desc.c **** #endif /* defined ( __ICCARM__ ) */
 232:USB_DEVICE/App/usbd_desc.c **** /* Internal string descriptor. */
 233:USB_DEVICE/App/usbd_desc.c **** __ALIGN_BEGIN uint8_t USBD_StrDesc[USBD_MAX_STR_DESC_SIZ] __ALIGN_END;
 234:USB_DEVICE/App/usbd_desc.c **** 
 235:USB_DEVICE/App/usbd_desc.c **** #if defined ( __ICCARM__ ) /*!< IAR Compiler */
 236:USB_DEVICE/App/usbd_desc.c ****   #pragma data_alignment=4
 237:USB_DEVICE/App/usbd_desc.c **** #endif
 238:USB_DEVICE/App/usbd_desc.c **** __ALIGN_BEGIN uint8_t USBD_StringSerial[USB_SIZ_STRING_SERIAL] __ALIGN_END = {
 239:USB_DEVICE/App/usbd_desc.c ****   USB_SIZ_STRING_SERIAL,
 240:USB_DEVICE/App/usbd_desc.c ****   USB_DESC_TYPE_STRING,
 241:USB_DEVICE/App/usbd_desc.c **** };
 242:USB_DEVICE/App/usbd_desc.c **** 
 243:USB_DEVICE/App/usbd_desc.c **** /**
 244:USB_DEVICE/App/usbd_desc.c ****   * @}
 245:USB_DEVICE/App/usbd_desc.c ****   */
 246:USB_DEVICE/App/usbd_desc.c **** 
 247:USB_DEVICE/App/usbd_desc.c **** /** @defgroup USBD_DESC_Private_Functions USBD_DESC_Private_Functions
 248:USB_DEVICE/App/usbd_desc.c ****   * @brief Private functions.
 249:USB_DEVICE/App/usbd_desc.c ****   * @{
 250:USB_DEVICE/App/usbd_desc.c ****   */
 251:USB_DEVICE/App/usbd_desc.c **** 
 252:USB_DEVICE/App/usbd_desc.c **** /**
 253:USB_DEVICE/App/usbd_desc.c ****   * @brief  Return the device descriptor
 254:USB_DEVICE/App/usbd_desc.c ****   * @param  speed : Current device speed
 255:USB_DEVICE/App/usbd_desc.c ****   * @param  length : Pointer to data length variable
 256:USB_DEVICE/App/usbd_desc.c ****   * @retval Pointer to descriptor buffer
 257:USB_DEVICE/App/usbd_desc.c ****   */
ARM GAS  C:\Users\User\AppData\Local\Temp\cc7SKfwf.s 			page 6


 258:USB_DEVICE/App/usbd_desc.c **** uint8_t * USBD_FS_DeviceDescriptor(USBD_SpeedTypeDef speed, uint16_t *length)
 259:USB_DEVICE/App/usbd_desc.c **** {
  30              		.loc 1 259 1 view -0
  31              		.cfi_startproc
  32              		@ args = 0, pretend = 0, frame = 0
  33              		@ frame_needed = 0, uses_anonymous_args = 0
  34              		@ link register save eliminated.
 260:USB_DEVICE/App/usbd_desc.c ****   UNUSED(speed);
  35              		.loc 1 260 3 view .LVU1
 261:USB_DEVICE/App/usbd_desc.c ****   *length = sizeof(USBD_FS_DeviceDesc);
  36              		.loc 1 261 3 view .LVU2
  37              		.loc 1 261 11 is_stmt 0 view .LVU3
  38 0000 1223     		movs	r3, #18
  39 0002 0B80     		strh	r3, [r1]	@ movhi
 262:USB_DEVICE/App/usbd_desc.c ****   return USBD_FS_DeviceDesc;
  40              		.loc 1 262 3 is_stmt 1 view .LVU4
 263:USB_DEVICE/App/usbd_desc.c **** }
  41              		.loc 1 263 1 is_stmt 0 view .LVU5
  42 0004 0048     		ldr	r0, .L2
  43              	.LVL1:
  44              		.loc 1 263 1 view .LVU6
  45 0006 7047     		bx	lr
  46              	.L3:
  47              		.align	2
  48              	.L2:
  49 0008 00000000 		.word	USBD_FS_DeviceDesc
  50              		.cfi_endproc
  51              	.LFE134:
  53              		.section	.text.USBD_FS_LangIDStrDescriptor,"ax",%progbits
  54              		.align	1
  55              		.global	USBD_FS_LangIDStrDescriptor
  56              		.syntax unified
  57              		.thumb
  58              		.thumb_func
  60              	USBD_FS_LangIDStrDescriptor:
  61              	.LVL2:
  62              	.LFB135:
 264:USB_DEVICE/App/usbd_desc.c **** 
 265:USB_DEVICE/App/usbd_desc.c **** /**
 266:USB_DEVICE/App/usbd_desc.c ****   * @brief  Return the LangID string descriptor
 267:USB_DEVICE/App/usbd_desc.c ****   * @param  speed : Current device speed
 268:USB_DEVICE/App/usbd_desc.c ****   * @param  length : Pointer to data length variable
 269:USB_DEVICE/App/usbd_desc.c ****   * @retval Pointer to descriptor buffer
 270:USB_DEVICE/App/usbd_desc.c ****   */
 271:USB_DEVICE/App/usbd_desc.c **** uint8_t * USBD_FS_LangIDStrDescriptor(USBD_SpeedTypeDef speed, uint16_t *length)
 272:USB_DEVICE/App/usbd_desc.c **** {
  63              		.loc 1 272 1 is_stmt 1 view -0
  64              		.cfi_startproc
  65              		@ args = 0, pretend = 0, frame = 0
  66              		@ frame_needed = 0, uses_anonymous_args = 0
  67              		@ link register save eliminated.
 273:USB_DEVICE/App/usbd_desc.c ****   UNUSED(speed);
  68              		.loc 1 273 3 view .LVU8
 274:USB_DEVICE/App/usbd_desc.c ****   *length = sizeof(USBD_LangIDDesc);
  69              		.loc 1 274 3 view .LVU9
  70              		.loc 1 274 11 is_stmt 0 view .LVU10
  71 0000 0423     		movs	r3, #4
ARM GAS  C:\Users\User\AppData\Local\Temp\cc7SKfwf.s 			page 7


  72 0002 0B80     		strh	r3, [r1]	@ movhi
 275:USB_DEVICE/App/usbd_desc.c ****   return USBD_LangIDDesc;
  73              		.loc 1 275 3 is_stmt 1 view .LVU11
 276:USB_DEVICE/App/usbd_desc.c **** }
  74              		.loc 1 276 1 is_stmt 0 view .LVU12
  75 0004 0048     		ldr	r0, .L5
  76              	.LVL3:
  77              		.loc 1 276 1 view .LVU13
  78 0006 7047     		bx	lr
  79              	.L6:
  80              		.align	2
  81              	.L5:
  82 0008 00000000 		.word	USBD_LangIDDesc
  83              		.cfi_endproc
  84              	.LFE135:
  86              		.section	.text.IntToUnicode,"ax",%progbits
  87              		.align	1
  88              		.syntax unified
  89              		.thumb
  90              		.thumb_func
  92              	IntToUnicode:
  93              	.LVL4:
  94              	.LFB142:
 277:USB_DEVICE/App/usbd_desc.c **** 
 278:USB_DEVICE/App/usbd_desc.c **** /**
 279:USB_DEVICE/App/usbd_desc.c ****   * @brief  Return the product string descriptor
 280:USB_DEVICE/App/usbd_desc.c ****   * @param  speed : Current device speed
 281:USB_DEVICE/App/usbd_desc.c ****   * @param  length : Pointer to data length variable
 282:USB_DEVICE/App/usbd_desc.c ****   * @retval Pointer to descriptor buffer
 283:USB_DEVICE/App/usbd_desc.c ****   */
 284:USB_DEVICE/App/usbd_desc.c **** uint8_t * USBD_FS_ProductStrDescriptor(USBD_SpeedTypeDef speed, uint16_t *length)
 285:USB_DEVICE/App/usbd_desc.c **** {
 286:USB_DEVICE/App/usbd_desc.c ****   if(speed == 0)
 287:USB_DEVICE/App/usbd_desc.c ****   {
 288:USB_DEVICE/App/usbd_desc.c ****     USBD_GetString((uint8_t *)USBD_PRODUCT_STRING_FS, USBD_StrDesc, length);
 289:USB_DEVICE/App/usbd_desc.c ****   }
 290:USB_DEVICE/App/usbd_desc.c ****   else
 291:USB_DEVICE/App/usbd_desc.c ****   {
 292:USB_DEVICE/App/usbd_desc.c ****     USBD_GetString((uint8_t *)USBD_PRODUCT_STRING_FS, USBD_StrDesc, length);
 293:USB_DEVICE/App/usbd_desc.c ****   }
 294:USB_DEVICE/App/usbd_desc.c ****   return USBD_StrDesc;
 295:USB_DEVICE/App/usbd_desc.c **** }
 296:USB_DEVICE/App/usbd_desc.c **** 
 297:USB_DEVICE/App/usbd_desc.c **** /**
 298:USB_DEVICE/App/usbd_desc.c ****   * @brief  Return the manufacturer string descriptor
 299:USB_DEVICE/App/usbd_desc.c ****   * @param  speed : Current device speed
 300:USB_DEVICE/App/usbd_desc.c ****   * @param  length : Pointer to data length variable
 301:USB_DEVICE/App/usbd_desc.c ****   * @retval Pointer to descriptor buffer
 302:USB_DEVICE/App/usbd_desc.c ****   */
 303:USB_DEVICE/App/usbd_desc.c **** uint8_t * USBD_FS_ManufacturerStrDescriptor(USBD_SpeedTypeDef speed, uint16_t *length)
 304:USB_DEVICE/App/usbd_desc.c **** {
 305:USB_DEVICE/App/usbd_desc.c ****   UNUSED(speed);
 306:USB_DEVICE/App/usbd_desc.c ****   USBD_GetString((uint8_t *)USBD_MANUFACTURER_STRING, USBD_StrDesc, length);
 307:USB_DEVICE/App/usbd_desc.c ****   return USBD_StrDesc;
 308:USB_DEVICE/App/usbd_desc.c **** }
 309:USB_DEVICE/App/usbd_desc.c **** 
 310:USB_DEVICE/App/usbd_desc.c **** /**
ARM GAS  C:\Users\User\AppData\Local\Temp\cc7SKfwf.s 			page 8


 311:USB_DEVICE/App/usbd_desc.c ****   * @brief  Return the serial number string descriptor
 312:USB_DEVICE/App/usbd_desc.c ****   * @param  speed : Current device speed
 313:USB_DEVICE/App/usbd_desc.c ****   * @param  length : Pointer to data length variable
 314:USB_DEVICE/App/usbd_desc.c ****   * @retval Pointer to descriptor buffer
 315:USB_DEVICE/App/usbd_desc.c ****   */
 316:USB_DEVICE/App/usbd_desc.c **** uint8_t * USBD_FS_SerialStrDescriptor(USBD_SpeedTypeDef speed, uint16_t *length)
 317:USB_DEVICE/App/usbd_desc.c **** {
 318:USB_DEVICE/App/usbd_desc.c ****   UNUSED(speed);
 319:USB_DEVICE/App/usbd_desc.c ****   *length = USB_SIZ_STRING_SERIAL;
 320:USB_DEVICE/App/usbd_desc.c **** 
 321:USB_DEVICE/App/usbd_desc.c ****   /* Update the serial number string descriptor with the data from the unique
 322:USB_DEVICE/App/usbd_desc.c ****    * ID */
 323:USB_DEVICE/App/usbd_desc.c ****   Get_SerialNum();
 324:USB_DEVICE/App/usbd_desc.c ****   /* USER CODE BEGIN USBD_FS_SerialStrDescriptor */
 325:USB_DEVICE/App/usbd_desc.c **** 
 326:USB_DEVICE/App/usbd_desc.c ****   /* USER CODE END USBD_FS_SerialStrDescriptor */
 327:USB_DEVICE/App/usbd_desc.c ****   return (uint8_t *) USBD_StringSerial;
 328:USB_DEVICE/App/usbd_desc.c **** }
 329:USB_DEVICE/App/usbd_desc.c **** 
 330:USB_DEVICE/App/usbd_desc.c **** /**
 331:USB_DEVICE/App/usbd_desc.c ****   * @brief  Return the configuration string descriptor
 332:USB_DEVICE/App/usbd_desc.c ****   * @param  speed : Current device speed
 333:USB_DEVICE/App/usbd_desc.c ****   * @param  length : Pointer to data length variable
 334:USB_DEVICE/App/usbd_desc.c ****   * @retval Pointer to descriptor buffer
 335:USB_DEVICE/App/usbd_desc.c ****   */
 336:USB_DEVICE/App/usbd_desc.c **** uint8_t * USBD_FS_ConfigStrDescriptor(USBD_SpeedTypeDef speed, uint16_t *length)
 337:USB_DEVICE/App/usbd_desc.c **** {
 338:USB_DEVICE/App/usbd_desc.c ****   if(speed == USBD_SPEED_HIGH)
 339:USB_DEVICE/App/usbd_desc.c ****   {
 340:USB_DEVICE/App/usbd_desc.c ****     USBD_GetString((uint8_t *)USBD_CONFIGURATION_STRING_FS, USBD_StrDesc, length);
 341:USB_DEVICE/App/usbd_desc.c ****   }
 342:USB_DEVICE/App/usbd_desc.c ****   else
 343:USB_DEVICE/App/usbd_desc.c ****   {
 344:USB_DEVICE/App/usbd_desc.c ****     USBD_GetString((uint8_t *)USBD_CONFIGURATION_STRING_FS, USBD_StrDesc, length);
 345:USB_DEVICE/App/usbd_desc.c ****   }
 346:USB_DEVICE/App/usbd_desc.c ****   return USBD_StrDesc;
 347:USB_DEVICE/App/usbd_desc.c **** }
 348:USB_DEVICE/App/usbd_desc.c **** 
 349:USB_DEVICE/App/usbd_desc.c **** /**
 350:USB_DEVICE/App/usbd_desc.c ****   * @brief  Return the interface string descriptor
 351:USB_DEVICE/App/usbd_desc.c ****   * @param  speed : Current device speed
 352:USB_DEVICE/App/usbd_desc.c ****   * @param  length : Pointer to data length variable
 353:USB_DEVICE/App/usbd_desc.c ****   * @retval Pointer to descriptor buffer
 354:USB_DEVICE/App/usbd_desc.c ****   */
 355:USB_DEVICE/App/usbd_desc.c **** uint8_t * USBD_FS_InterfaceStrDescriptor(USBD_SpeedTypeDef speed, uint16_t *length)
 356:USB_DEVICE/App/usbd_desc.c **** {
 357:USB_DEVICE/App/usbd_desc.c ****   if(speed == 0)
 358:USB_DEVICE/App/usbd_desc.c ****   {
 359:USB_DEVICE/App/usbd_desc.c ****     USBD_GetString((uint8_t *)USBD_INTERFACE_STRING_FS, USBD_StrDesc, length);
 360:USB_DEVICE/App/usbd_desc.c ****   }
 361:USB_DEVICE/App/usbd_desc.c ****   else
 362:USB_DEVICE/App/usbd_desc.c ****   {
 363:USB_DEVICE/App/usbd_desc.c ****     USBD_GetString((uint8_t *)USBD_INTERFACE_STRING_FS, USBD_StrDesc, length);
 364:USB_DEVICE/App/usbd_desc.c ****   }
 365:USB_DEVICE/App/usbd_desc.c ****   return USBD_StrDesc;
 366:USB_DEVICE/App/usbd_desc.c **** }
 367:USB_DEVICE/App/usbd_desc.c **** 
ARM GAS  C:\Users\User\AppData\Local\Temp\cc7SKfwf.s 			page 9


 368:USB_DEVICE/App/usbd_desc.c **** #if (USBD_LPM_ENABLED == 1)
 369:USB_DEVICE/App/usbd_desc.c **** /**
 370:USB_DEVICE/App/usbd_desc.c ****   * @brief  Return the BOS descriptor
 371:USB_DEVICE/App/usbd_desc.c ****   * @param  speed : Current device speed
 372:USB_DEVICE/App/usbd_desc.c ****   * @param  length : Pointer to data length variable
 373:USB_DEVICE/App/usbd_desc.c ****   * @retval Pointer to descriptor buffer
 374:USB_DEVICE/App/usbd_desc.c ****   */
 375:USB_DEVICE/App/usbd_desc.c **** uint8_t * USBD_FS_USR_BOSDescriptor(USBD_SpeedTypeDef speed, uint16_t *length)
 376:USB_DEVICE/App/usbd_desc.c **** {
 377:USB_DEVICE/App/usbd_desc.c ****   UNUSED(speed);
 378:USB_DEVICE/App/usbd_desc.c ****   *length = sizeof(USBD_FS_BOSDesc);
 379:USB_DEVICE/App/usbd_desc.c ****   return (uint8_t*)USBD_FS_BOSDesc;
 380:USB_DEVICE/App/usbd_desc.c **** }
 381:USB_DEVICE/App/usbd_desc.c **** #endif /* (USBD_LPM_ENABLED == 1) */
 382:USB_DEVICE/App/usbd_desc.c **** 
 383:USB_DEVICE/App/usbd_desc.c **** /**
 384:USB_DEVICE/App/usbd_desc.c ****   * @brief  Create the serial number string descriptor
 385:USB_DEVICE/App/usbd_desc.c ****   * @param  None
 386:USB_DEVICE/App/usbd_desc.c ****   * @retval None
 387:USB_DEVICE/App/usbd_desc.c ****   */
 388:USB_DEVICE/App/usbd_desc.c **** static void Get_SerialNum(void)
 389:USB_DEVICE/App/usbd_desc.c **** {
 390:USB_DEVICE/App/usbd_desc.c ****   uint32_t deviceserial0;
 391:USB_DEVICE/App/usbd_desc.c ****   uint32_t deviceserial1;
 392:USB_DEVICE/App/usbd_desc.c ****   uint32_t deviceserial2;
 393:USB_DEVICE/App/usbd_desc.c **** 
 394:USB_DEVICE/App/usbd_desc.c ****   deviceserial0 = *(uint32_t *) DEVICE_ID1;
 395:USB_DEVICE/App/usbd_desc.c ****   deviceserial1 = *(uint32_t *) DEVICE_ID2;
 396:USB_DEVICE/App/usbd_desc.c ****   deviceserial2 = *(uint32_t *) DEVICE_ID3;
 397:USB_DEVICE/App/usbd_desc.c **** 
 398:USB_DEVICE/App/usbd_desc.c ****   deviceserial0 += deviceserial2;
 399:USB_DEVICE/App/usbd_desc.c **** 
 400:USB_DEVICE/App/usbd_desc.c ****   if (deviceserial0 != 0)
 401:USB_DEVICE/App/usbd_desc.c ****   {
 402:USB_DEVICE/App/usbd_desc.c ****     IntToUnicode(deviceserial0, &USBD_StringSerial[2], 8);
 403:USB_DEVICE/App/usbd_desc.c ****     IntToUnicode(deviceserial1, &USBD_StringSerial[18], 4);
 404:USB_DEVICE/App/usbd_desc.c ****   }
 405:USB_DEVICE/App/usbd_desc.c **** }
 406:USB_DEVICE/App/usbd_desc.c **** 
 407:USB_DEVICE/App/usbd_desc.c **** /**
 408:USB_DEVICE/App/usbd_desc.c ****   * @brief  Convert Hex 32Bits value into char
 409:USB_DEVICE/App/usbd_desc.c ****   * @param  value: value to convert
 410:USB_DEVICE/App/usbd_desc.c ****   * @param  pbuf: pointer to the buffer
 411:USB_DEVICE/App/usbd_desc.c ****   * @param  len: buffer length
 412:USB_DEVICE/App/usbd_desc.c ****   * @retval None
 413:USB_DEVICE/App/usbd_desc.c ****   */
 414:USB_DEVICE/App/usbd_desc.c **** static void IntToUnicode(uint32_t value, uint8_t * pbuf, uint8_t len)
 415:USB_DEVICE/App/usbd_desc.c **** {
  95              		.loc 1 415 1 is_stmt 1 view -0
  96              		.cfi_startproc
  97              		@ args = 0, pretend = 0, frame = 0
  98              		@ frame_needed = 0, uses_anonymous_args = 0
 416:USB_DEVICE/App/usbd_desc.c ****   uint8_t idx = 0;
  99              		.loc 1 416 3 view .LVU15
 417:USB_DEVICE/App/usbd_desc.c **** 
 418:USB_DEVICE/App/usbd_desc.c ****   for (idx = 0; idx < len; idx++)
 100              		.loc 1 418 3 view .LVU16
ARM GAS  C:\Users\User\AppData\Local\Temp\cc7SKfwf.s 			page 10


 101              		.loc 1 418 12 is_stmt 0 view .LVU17
 102 0000 0023     		movs	r3, #0
 103              	.LVL5:
 104              		.loc 1 418 21 is_stmt 1 discriminator 1 view .LVU18
 105 0002 9342     		cmp	r3, r2
 106 0004 1ED2     		bcs	.L15
 415:USB_DEVICE/App/usbd_desc.c ****   uint8_t idx = 0;
 107              		.loc 1 415 1 is_stmt 0 view .LVU19
 108 0006 00B5     		push	{lr}
 109              		.cfi_def_cfa_offset 4
 110              		.cfi_offset 14, -4
 111 0008 10E0     		b	.L11
 112              	.L9:
 419:USB_DEVICE/App/usbd_desc.c ****   {
 420:USB_DEVICE/App/usbd_desc.c ****     if (((value >> 28)) < 0xA)
 421:USB_DEVICE/App/usbd_desc.c ****     {
 422:USB_DEVICE/App/usbd_desc.c ****       pbuf[2 * idx] = (value >> 28) + '0';
 423:USB_DEVICE/App/usbd_desc.c ****     }
 424:USB_DEVICE/App/usbd_desc.c ****     else
 425:USB_DEVICE/App/usbd_desc.c ****     {
 426:USB_DEVICE/App/usbd_desc.c ****       pbuf[2 * idx] = (value >> 28) + 'A' - 10;
 113              		.loc 1 426 7 is_stmt 1 view .LVU20
 114              		.loc 1 426 43 is_stmt 0 view .LVU21
 115 000a 0CF1370C 		add	ip, ip, #55
 116              		.loc 1 426 21 view .LVU22
 117 000e 01F813C0 		strb	ip, [r1, r3, lsl #1]
 118              	.L10:
 427:USB_DEVICE/App/usbd_desc.c ****     }
 428:USB_DEVICE/App/usbd_desc.c **** 
 429:USB_DEVICE/App/usbd_desc.c ****     value = value << 4;
 119              		.loc 1 429 5 is_stmt 1 view .LVU23
 120              		.loc 1 429 11 is_stmt 0 view .LVU24
 121 0012 0001     		lsls	r0, r0, #4
 122              	.LVL6:
 430:USB_DEVICE/App/usbd_desc.c **** 
 431:USB_DEVICE/App/usbd_desc.c ****     pbuf[2 * idx + 1] = 0;
 123              		.loc 1 431 5 is_stmt 1 view .LVU25
 124              		.loc 1 431 12 is_stmt 0 view .LVU26
 125 0014 4FEA430C 		lsl	ip, r3, #1
 126              		.loc 1 431 9 view .LVU27
 127 0018 0CF1010C 		add	ip, ip, #1
 128              		.loc 1 431 23 view .LVU28
 129 001c 4FF0000E 		mov	lr, #0
 130 0020 01F80CE0 		strb	lr, [r1, ip]
 418:USB_DEVICE/App/usbd_desc.c ****   {
 131              		.loc 1 418 31 is_stmt 1 discriminator 2 view .LVU29
 132 0024 0133     		adds	r3, r3, #1
 133              	.LVL7:
 418:USB_DEVICE/App/usbd_desc.c ****   {
 134              		.loc 1 418 31 is_stmt 0 discriminator 2 view .LVU30
 135 0026 DBB2     		uxtb	r3, r3
 136              	.LVL8:
 418:USB_DEVICE/App/usbd_desc.c ****   {
 137              		.loc 1 418 21 is_stmt 1 discriminator 1 view .LVU31
 138 0028 9342     		cmp	r3, r2
 139 002a 09D2     		bcs	.L16
 140              	.L11:
ARM GAS  C:\Users\User\AppData\Local\Temp\cc7SKfwf.s 			page 11


 420:USB_DEVICE/App/usbd_desc.c ****     {
 141              		.loc 1 420 5 view .LVU32
 420:USB_DEVICE/App/usbd_desc.c ****     {
 142              		.loc 1 420 17 is_stmt 0 view .LVU33
 143 002c 4FEA107C 		lsr	ip, r0, #28
 420:USB_DEVICE/App/usbd_desc.c ****     {
 144              		.loc 1 420 8 view .LVU34
 145 0030 B0F1204F 		cmp	r0, #-1610612736
 146 0034 E9D2     		bcs	.L9
 422:USB_DEVICE/App/usbd_desc.c ****     }
 147              		.loc 1 422 7 is_stmt 1 view .LVU35
 422:USB_DEVICE/App/usbd_desc.c ****     }
 148              		.loc 1 422 37 is_stmt 0 view .LVU36
 149 0036 0CF1300C 		add	ip, ip, #48
 422:USB_DEVICE/App/usbd_desc.c ****     }
 150              		.loc 1 422 21 view .LVU37
 151 003a 01F813C0 		strb	ip, [r1, r3, lsl #1]
 152 003e E8E7     		b	.L10
 153              	.L16:
 432:USB_DEVICE/App/usbd_desc.c ****   }
 433:USB_DEVICE/App/usbd_desc.c **** }
 154              		.loc 1 433 1 view .LVU38
 155 0040 5DF804FB 		ldr	pc, [sp], #4
 156              	.L15:
 157              		.cfi_def_cfa_offset 0
 158              		.cfi_restore 14
 159              		.loc 1 433 1 view .LVU39
 160 0044 7047     		bx	lr
 161              		.cfi_endproc
 162              	.LFE142:
 164              		.section	.text.Get_SerialNum,"ax",%progbits
 165              		.align	1
 166              		.syntax unified
 167              		.thumb
 168              		.thumb_func
 170              	Get_SerialNum:
 171              	.LFB141:
 389:USB_DEVICE/App/usbd_desc.c ****   uint32_t deviceserial0;
 172              		.loc 1 389 1 is_stmt 1 view -0
 173              		.cfi_startproc
 174              		@ args = 0, pretend = 0, frame = 0
 175              		@ frame_needed = 0, uses_anonymous_args = 0
 176 0000 38B5     		push	{r3, r4, r5, lr}
 177              		.cfi_def_cfa_offset 16
 178              		.cfi_offset 3, -16
 179              		.cfi_offset 4, -12
 180              		.cfi_offset 5, -8
 181              		.cfi_offset 14, -4
 390:USB_DEVICE/App/usbd_desc.c ****   uint32_t deviceserial1;
 182              		.loc 1 390 3 view .LVU41
 391:USB_DEVICE/App/usbd_desc.c ****   uint32_t deviceserial2;
 183              		.loc 1 391 3 view .LVU42
 392:USB_DEVICE/App/usbd_desc.c **** 
 184              		.loc 1 392 3 view .LVU43
 394:USB_DEVICE/App/usbd_desc.c ****   deviceserial1 = *(uint32_t *) DEVICE_ID2;
 185              		.loc 1 394 3 view .LVU44
 394:USB_DEVICE/App/usbd_desc.c ****   deviceserial1 = *(uint32_t *) DEVICE_ID2;
ARM GAS  C:\Users\User\AppData\Local\Temp\cc7SKfwf.s 			page 12


 186              		.loc 1 394 17 is_stmt 0 view .LVU45
 187 0002 0B4B     		ldr	r3, .L21
 188 0004 D3F8100A 		ldr	r0, [r3, #2576]
 189              	.LVL9:
 395:USB_DEVICE/App/usbd_desc.c ****   deviceserial2 = *(uint32_t *) DEVICE_ID3;
 190              		.loc 1 395 3 is_stmt 1 view .LVU46
 395:USB_DEVICE/App/usbd_desc.c ****   deviceserial2 = *(uint32_t *) DEVICE_ID3;
 191              		.loc 1 395 17 is_stmt 0 view .LVU47
 192 0008 D3F8144A 		ldr	r4, [r3, #2580]
 193              	.LVL10:
 396:USB_DEVICE/App/usbd_desc.c **** 
 194              		.loc 1 396 3 is_stmt 1 view .LVU48
 396:USB_DEVICE/App/usbd_desc.c **** 
 195              		.loc 1 396 17 is_stmt 0 view .LVU49
 196 000c D3F8183A 		ldr	r3, [r3, #2584]
 197              	.LVL11:
 398:USB_DEVICE/App/usbd_desc.c **** 
 198              		.loc 1 398 3 is_stmt 1 view .LVU50
 400:USB_DEVICE/App/usbd_desc.c ****   {
 199              		.loc 1 400 3 view .LVU51
 400:USB_DEVICE/App/usbd_desc.c ****   {
 200              		.loc 1 400 6 is_stmt 0 view .LVU52
 201 0010 C018     		adds	r0, r0, r3
 202              	.LVL12:
 400:USB_DEVICE/App/usbd_desc.c ****   {
 203              		.loc 1 400 6 view .LVU53
 204 0012 00D1     		bne	.L20
 205              	.LVL13:
 206              	.L17:
 405:USB_DEVICE/App/usbd_desc.c **** 
 207              		.loc 1 405 1 view .LVU54
 208 0014 38BD     		pop	{r3, r4, r5, pc}
 209              	.LVL14:
 210              	.L20:
 402:USB_DEVICE/App/usbd_desc.c ****     IntToUnicode(deviceserial1, &USBD_StringSerial[18], 4);
 211              		.loc 1 402 5 is_stmt 1 view .LVU55
 212 0016 074D     		ldr	r5, .L21+4
 213 0018 0822     		movs	r2, #8
 214 001a 2946     		mov	r1, r5
 215 001c FFF7FEFF 		bl	IntToUnicode
 216              	.LVL15:
 403:USB_DEVICE/App/usbd_desc.c ****   }
 217              		.loc 1 403 5 view .LVU56
 218 0020 0422     		movs	r2, #4
 219 0022 05F11001 		add	r1, r5, #16
 220 0026 2046     		mov	r0, r4
 221 0028 FFF7FEFF 		bl	IntToUnicode
 222              	.LVL16:
 405:USB_DEVICE/App/usbd_desc.c **** 
 223              		.loc 1 405 1 is_stmt 0 view .LVU57
 224 002c F2E7     		b	.L17
 225              	.L22:
 226 002e 00BF     		.align	2
 227              	.L21:
 228 0030 0070FF1F 		.word	536834048
 229 0034 02000000 		.word	USBD_StringSerial+2
 230              		.cfi_endproc
ARM GAS  C:\Users\User\AppData\Local\Temp\cc7SKfwf.s 			page 13


 231              	.LFE141:
 233              		.section	.text.USBD_FS_SerialStrDescriptor,"ax",%progbits
 234              		.align	1
 235              		.global	USBD_FS_SerialStrDescriptor
 236              		.syntax unified
 237              		.thumb
 238              		.thumb_func
 240              	USBD_FS_SerialStrDescriptor:
 241              	.LVL17:
 242              	.LFB138:
 317:USB_DEVICE/App/usbd_desc.c ****   UNUSED(speed);
 243              		.loc 1 317 1 is_stmt 1 view -0
 244              		.cfi_startproc
 245              		@ args = 0, pretend = 0, frame = 0
 246              		@ frame_needed = 0, uses_anonymous_args = 0
 317:USB_DEVICE/App/usbd_desc.c ****   UNUSED(speed);
 247              		.loc 1 317 1 is_stmt 0 view .LVU59
 248 0000 08B5     		push	{r3, lr}
 249              		.cfi_def_cfa_offset 8
 250              		.cfi_offset 3, -8
 251              		.cfi_offset 14, -4
 318:USB_DEVICE/App/usbd_desc.c ****   *length = USB_SIZ_STRING_SERIAL;
 252              		.loc 1 318 3 is_stmt 1 view .LVU60
 319:USB_DEVICE/App/usbd_desc.c **** 
 253              		.loc 1 319 3 view .LVU61
 319:USB_DEVICE/App/usbd_desc.c **** 
 254              		.loc 1 319 11 is_stmt 0 view .LVU62
 255 0002 1A23     		movs	r3, #26
 256 0004 0B80     		strh	r3, [r1]	@ movhi
 323:USB_DEVICE/App/usbd_desc.c ****   /* USER CODE BEGIN USBD_FS_SerialStrDescriptor */
 257              		.loc 1 323 3 is_stmt 1 view .LVU63
 258 0006 FFF7FEFF 		bl	Get_SerialNum
 259              	.LVL18:
 327:USB_DEVICE/App/usbd_desc.c **** }
 260              		.loc 1 327 3 view .LVU64
 328:USB_DEVICE/App/usbd_desc.c **** 
 261              		.loc 1 328 1 is_stmt 0 view .LVU65
 262 000a 0148     		ldr	r0, .L25
 263 000c 08BD     		pop	{r3, pc}
 264              	.L26:
 265 000e 00BF     		.align	2
 266              	.L25:
 267 0010 00000000 		.word	USBD_StringSerial
 268              		.cfi_endproc
 269              	.LFE138:
 271              		.section	.rodata.USBD_FS_ProductStrDescriptor.str1.4,"aMS",%progbits,1
 272              		.align	2
 273              	.LC0:
 274 0000 53544D33 		.ascii	"STM32 Virtual ComPort\000"
 274      32205669 
 274      72747561 
 274      6C20436F 
 274      6D506F72 
 275              		.section	.text.USBD_FS_ProductStrDescriptor,"ax",%progbits
 276              		.align	1
 277              		.global	USBD_FS_ProductStrDescriptor
 278              		.syntax unified
ARM GAS  C:\Users\User\AppData\Local\Temp\cc7SKfwf.s 			page 14


 279              		.thumb
 280              		.thumb_func
 282              	USBD_FS_ProductStrDescriptor:
 283              	.LVL19:
 284              	.LFB136:
 285:USB_DEVICE/App/usbd_desc.c ****   if(speed == 0)
 285              		.loc 1 285 1 is_stmt 1 view -0
 286              		.cfi_startproc
 287              		@ args = 0, pretend = 0, frame = 0
 288              		@ frame_needed = 0, uses_anonymous_args = 0
 285:USB_DEVICE/App/usbd_desc.c ****   if(speed == 0)
 289              		.loc 1 285 1 is_stmt 0 view .LVU67
 290 0000 08B5     		push	{r3, lr}
 291              		.cfi_def_cfa_offset 8
 292              		.cfi_offset 3, -8
 293              		.cfi_offset 14, -4
 294 0002 0A46     		mov	r2, r1
 286:USB_DEVICE/App/usbd_desc.c ****   {
 295              		.loc 1 286 3 is_stmt 1 view .LVU68
 286:USB_DEVICE/App/usbd_desc.c ****   {
 296              		.loc 1 286 5 is_stmt 0 view .LVU69
 297 0004 28B9     		cbnz	r0, .L28
 288:USB_DEVICE/App/usbd_desc.c ****   }
 298              		.loc 1 288 5 is_stmt 1 view .LVU70
 299 0006 0549     		ldr	r1, .L31
 300              	.LVL20:
 288:USB_DEVICE/App/usbd_desc.c ****   }
 301              		.loc 1 288 5 is_stmt 0 view .LVU71
 302 0008 0548     		ldr	r0, .L31+4
 303              	.LVL21:
 288:USB_DEVICE/App/usbd_desc.c ****   }
 304              		.loc 1 288 5 view .LVU72
 305 000a FFF7FEFF 		bl	USBD_GetString
 306              	.LVL22:
 307              	.L29:
 294:USB_DEVICE/App/usbd_desc.c **** }
 308              		.loc 1 294 3 is_stmt 1 view .LVU73
 295:USB_DEVICE/App/usbd_desc.c **** 
 309              		.loc 1 295 1 is_stmt 0 view .LVU74
 310 000e 0348     		ldr	r0, .L31
 311 0010 08BD     		pop	{r3, pc}
 312              	.LVL23:
 313              	.L28:
 292:USB_DEVICE/App/usbd_desc.c ****   }
 314              		.loc 1 292 5 is_stmt 1 view .LVU75
 315 0012 0249     		ldr	r1, .L31
 316              	.LVL24:
 292:USB_DEVICE/App/usbd_desc.c ****   }
 317              		.loc 1 292 5 is_stmt 0 view .LVU76
 318 0014 0248     		ldr	r0, .L31+4
 319              	.LVL25:
 292:USB_DEVICE/App/usbd_desc.c ****   }
 320              		.loc 1 292 5 view .LVU77
 321 0016 FFF7FEFF 		bl	USBD_GetString
 322              	.LVL26:
 292:USB_DEVICE/App/usbd_desc.c ****   }
 323              		.loc 1 292 5 view .LVU78
ARM GAS  C:\Users\User\AppData\Local\Temp\cc7SKfwf.s 			page 15


 324 001a F8E7     		b	.L29
 325              	.L32:
 326              		.align	2
 327              	.L31:
 328 001c 00000000 		.word	USBD_StrDesc
 329 0020 00000000 		.word	.LC0
 330              		.cfi_endproc
 331              	.LFE136:
 333              		.section	.rodata.USBD_FS_ManufacturerStrDescriptor.str1.4,"aMS",%progbits,1
 334              		.align	2
 335              	.LC1:
 336 0000 53544D69 		.ascii	"STMicroelectronics\000"
 336      63726F65 
 336      6C656374 
 336      726F6E69 
 336      637300
 337              		.section	.text.USBD_FS_ManufacturerStrDescriptor,"ax",%progbits
 338              		.align	1
 339              		.global	USBD_FS_ManufacturerStrDescriptor
 340              		.syntax unified
 341              		.thumb
 342              		.thumb_func
 344              	USBD_FS_ManufacturerStrDescriptor:
 345              	.LVL27:
 346              	.LFB137:
 304:USB_DEVICE/App/usbd_desc.c ****   UNUSED(speed);
 347              		.loc 1 304 1 is_stmt 1 view -0
 348              		.cfi_startproc
 349              		@ args = 0, pretend = 0, frame = 0
 350              		@ frame_needed = 0, uses_anonymous_args = 0
 304:USB_DEVICE/App/usbd_desc.c ****   UNUSED(speed);
 351              		.loc 1 304 1 is_stmt 0 view .LVU80
 352 0000 10B5     		push	{r4, lr}
 353              		.cfi_def_cfa_offset 8
 354              		.cfi_offset 4, -8
 355              		.cfi_offset 14, -4
 356 0002 0A46     		mov	r2, r1
 305:USB_DEVICE/App/usbd_desc.c ****   USBD_GetString((uint8_t *)USBD_MANUFACTURER_STRING, USBD_StrDesc, length);
 357              		.loc 1 305 3 is_stmt 1 view .LVU81
 306:USB_DEVICE/App/usbd_desc.c ****   return USBD_StrDesc;
 358              		.loc 1 306 3 view .LVU82
 359 0004 034C     		ldr	r4, .L35
 360 0006 2146     		mov	r1, r4
 361              	.LVL28:
 306:USB_DEVICE/App/usbd_desc.c ****   return USBD_StrDesc;
 362              		.loc 1 306 3 is_stmt 0 view .LVU83
 363 0008 0348     		ldr	r0, .L35+4
 364              	.LVL29:
 306:USB_DEVICE/App/usbd_desc.c ****   return USBD_StrDesc;
 365              		.loc 1 306 3 view .LVU84
 366 000a FFF7FEFF 		bl	USBD_GetString
 367              	.LVL30:
 307:USB_DEVICE/App/usbd_desc.c **** }
 368              		.loc 1 307 3 is_stmt 1 view .LVU85
 308:USB_DEVICE/App/usbd_desc.c **** 
 369              		.loc 1 308 1 is_stmt 0 view .LVU86
 370 000e 2046     		mov	r0, r4
ARM GAS  C:\Users\User\AppData\Local\Temp\cc7SKfwf.s 			page 16


 371 0010 10BD     		pop	{r4, pc}
 372              	.L36:
 373 0012 00BF     		.align	2
 374              	.L35:
 375 0014 00000000 		.word	USBD_StrDesc
 376 0018 00000000 		.word	.LC1
 377              		.cfi_endproc
 378              	.LFE137:
 380              		.section	.rodata.USBD_FS_ConfigStrDescriptor.str1.4,"aMS",%progbits,1
 381              		.align	2
 382              	.LC2:
 383 0000 43444320 		.ascii	"CDC Config\000"
 383      436F6E66 
 383      696700
 384              		.section	.text.USBD_FS_ConfigStrDescriptor,"ax",%progbits
 385              		.align	1
 386              		.global	USBD_FS_ConfigStrDescriptor
 387              		.syntax unified
 388              		.thumb
 389              		.thumb_func
 391              	USBD_FS_ConfigStrDescriptor:
 392              	.LVL31:
 393              	.LFB139:
 337:USB_DEVICE/App/usbd_desc.c ****   if(speed == USBD_SPEED_HIGH)
 394              		.loc 1 337 1 is_stmt 1 view -0
 395              		.cfi_startproc
 396              		@ args = 0, pretend = 0, frame = 0
 397              		@ frame_needed = 0, uses_anonymous_args = 0
 337:USB_DEVICE/App/usbd_desc.c ****   if(speed == USBD_SPEED_HIGH)
 398              		.loc 1 337 1 is_stmt 0 view .LVU88
 399 0000 08B5     		push	{r3, lr}
 400              		.cfi_def_cfa_offset 8
 401              		.cfi_offset 3, -8
 402              		.cfi_offset 14, -4
 403 0002 0A46     		mov	r2, r1
 338:USB_DEVICE/App/usbd_desc.c ****   {
 404              		.loc 1 338 3 is_stmt 1 view .LVU89
 338:USB_DEVICE/App/usbd_desc.c ****   {
 405              		.loc 1 338 5 is_stmt 0 view .LVU90
 406 0004 28B9     		cbnz	r0, .L38
 340:USB_DEVICE/App/usbd_desc.c ****   }
 407              		.loc 1 340 5 is_stmt 1 view .LVU91
 408 0006 0549     		ldr	r1, .L41
 409              	.LVL32:
 340:USB_DEVICE/App/usbd_desc.c ****   }
 410              		.loc 1 340 5 is_stmt 0 view .LVU92
 411 0008 0548     		ldr	r0, .L41+4
 412              	.LVL33:
 340:USB_DEVICE/App/usbd_desc.c ****   }
 413              		.loc 1 340 5 view .LVU93
 414 000a FFF7FEFF 		bl	USBD_GetString
 415              	.LVL34:
 416              	.L39:
 346:USB_DEVICE/App/usbd_desc.c **** }
 417              		.loc 1 346 3 is_stmt 1 view .LVU94
 347:USB_DEVICE/App/usbd_desc.c **** 
 418              		.loc 1 347 1 is_stmt 0 view .LVU95
ARM GAS  C:\Users\User\AppData\Local\Temp\cc7SKfwf.s 			page 17


 419 000e 0348     		ldr	r0, .L41
 420 0010 08BD     		pop	{r3, pc}
 421              	.LVL35:
 422              	.L38:
 344:USB_DEVICE/App/usbd_desc.c ****   }
 423              		.loc 1 344 5 is_stmt 1 view .LVU96
 424 0012 0249     		ldr	r1, .L41
 425              	.LVL36:
 344:USB_DEVICE/App/usbd_desc.c ****   }
 426              		.loc 1 344 5 is_stmt 0 view .LVU97
 427 0014 0248     		ldr	r0, .L41+4
 428              	.LVL37:
 344:USB_DEVICE/App/usbd_desc.c ****   }
 429              		.loc 1 344 5 view .LVU98
 430 0016 FFF7FEFF 		bl	USBD_GetString
 431              	.LVL38:
 344:USB_DEVICE/App/usbd_desc.c ****   }
 432              		.loc 1 344 5 view .LVU99
 433 001a F8E7     		b	.L39
 434              	.L42:
 435              		.align	2
 436              	.L41:
 437 001c 00000000 		.word	USBD_StrDesc
 438 0020 00000000 		.word	.LC2
 439              		.cfi_endproc
 440              	.LFE139:
 442              		.section	.rodata.USBD_FS_InterfaceStrDescriptor.str1.4,"aMS",%progbits,1
 443              		.align	2
 444              	.LC3:
 445 0000 43444320 		.ascii	"CDC Interface\000"
 445      496E7465 
 445      72666163 
 445      6500
 446              		.section	.text.USBD_FS_InterfaceStrDescriptor,"ax",%progbits
 447              		.align	1
 448              		.global	USBD_FS_InterfaceStrDescriptor
 449              		.syntax unified
 450              		.thumb
 451              		.thumb_func
 453              	USBD_FS_InterfaceStrDescriptor:
 454              	.LVL39:
 455              	.LFB140:
 356:USB_DEVICE/App/usbd_desc.c ****   if(speed == 0)
 456              		.loc 1 356 1 is_stmt 1 view -0
 457              		.cfi_startproc
 458              		@ args = 0, pretend = 0, frame = 0
 459              		@ frame_needed = 0, uses_anonymous_args = 0
 356:USB_DEVICE/App/usbd_desc.c ****   if(speed == 0)
 460              		.loc 1 356 1 is_stmt 0 view .LVU101
 461 0000 08B5     		push	{r3, lr}
 462              		.cfi_def_cfa_offset 8
 463              		.cfi_offset 3, -8
 464              		.cfi_offset 14, -4
 465 0002 0A46     		mov	r2, r1
 357:USB_DEVICE/App/usbd_desc.c ****   {
 466              		.loc 1 357 3 is_stmt 1 view .LVU102
 357:USB_DEVICE/App/usbd_desc.c ****   {
ARM GAS  C:\Users\User\AppData\Local\Temp\cc7SKfwf.s 			page 18


 467              		.loc 1 357 5 is_stmt 0 view .LVU103
 468 0004 28B9     		cbnz	r0, .L44
 359:USB_DEVICE/App/usbd_desc.c ****   }
 469              		.loc 1 359 5 is_stmt 1 view .LVU104
 470 0006 0549     		ldr	r1, .L47
 471              	.LVL40:
 359:USB_DEVICE/App/usbd_desc.c ****   }
 472              		.loc 1 359 5 is_stmt 0 view .LVU105
 473 0008 0548     		ldr	r0, .L47+4
 474              	.LVL41:
 359:USB_DEVICE/App/usbd_desc.c ****   }
 475              		.loc 1 359 5 view .LVU106
 476 000a FFF7FEFF 		bl	USBD_GetString
 477              	.LVL42:
 478              	.L45:
 365:USB_DEVICE/App/usbd_desc.c **** }
 479              		.loc 1 365 3 is_stmt 1 view .LVU107
 366:USB_DEVICE/App/usbd_desc.c **** 
 480              		.loc 1 366 1 is_stmt 0 view .LVU108
 481 000e 0348     		ldr	r0, .L47
 482 0010 08BD     		pop	{r3, pc}
 483              	.LVL43:
 484              	.L44:
 363:USB_DEVICE/App/usbd_desc.c ****   }
 485              		.loc 1 363 5 is_stmt 1 view .LVU109
 486 0012 0249     		ldr	r1, .L47
 487              	.LVL44:
 363:USB_DEVICE/App/usbd_desc.c ****   }
 488              		.loc 1 363 5 is_stmt 0 view .LVU110
 489 0014 0248     		ldr	r0, .L47+4
 490              	.LVL45:
 363:USB_DEVICE/App/usbd_desc.c ****   }
 491              		.loc 1 363 5 view .LVU111
 492 0016 FFF7FEFF 		bl	USBD_GetString
 493              	.LVL46:
 363:USB_DEVICE/App/usbd_desc.c ****   }
 494              		.loc 1 363 5 view .LVU112
 495 001a F8E7     		b	.L45
 496              	.L48:
 497              		.align	2
 498              	.L47:
 499 001c 00000000 		.word	USBD_StrDesc
 500 0020 00000000 		.word	.LC3
 501              		.cfi_endproc
 502              	.LFE140:
 504              		.global	USBD_StringSerial
 505              		.section	.data.USBD_StringSerial,"aw"
 506              		.align	2
 509              	USBD_StringSerial:
 510 0000 1A0300   		.ascii	"\032\003\000"
 511 0003 00000000 		.space	23
 511      00000000 
 511      00000000 
 511      00000000 
 511      00000000 
 512              		.global	USBD_StrDesc
 513              		.section	.bss.USBD_StrDesc,"aw",%nobits
ARM GAS  C:\Users\User\AppData\Local\Temp\cc7SKfwf.s 			page 19


 514              		.align	2
 517              	USBD_StrDesc:
 518 0000 00000000 		.space	512
 518      00000000 
 518      00000000 
 518      00000000 
 518      00000000 
 519              		.global	USBD_LangIDDesc
 520              		.section	.data.USBD_LangIDDesc,"aw"
 521              		.align	2
 524              	USBD_LangIDDesc:
 525 0000 04030904 		.ascii	"\004\003\011\004"
 526              		.global	USBD_FS_DeviceDesc
 527              		.section	.data.USBD_FS_DeviceDesc,"aw"
 528              		.align	2
 531              	USBD_FS_DeviceDesc:
 532 0000 12010002 		.ascii	"\022\001\000\002\002\002\000@\203\004@W\000\002\001"
 532      02020040 
 532      83044057 
 532      000201
 533 000f 020301   		.ascii	"\002\003\001"
 534              		.global	FS_Desc
 535              		.section	.data.FS_Desc,"aw"
 536              		.align	2
 539              	FS_Desc:
 540 0000 00000000 		.word	USBD_FS_DeviceDescriptor
 541 0004 00000000 		.word	USBD_FS_LangIDStrDescriptor
 542 0008 00000000 		.word	USBD_FS_ManufacturerStrDescriptor
 543 000c 00000000 		.word	USBD_FS_ProductStrDescriptor
 544 0010 00000000 		.word	USBD_FS_SerialStrDescriptor
 545 0014 00000000 		.word	USBD_FS_ConfigStrDescriptor
 546 0018 00000000 		.word	USBD_FS_InterfaceStrDescriptor
 547              		.text
 548              	.Letext0:
 549              		.file 2 "C:/Users/User/AppData/Roaming/Code/User/globalStorage/bmd.stm32-for-vscode/@xpack-dev-too
 550              		.file 3 "C:/Users/User/AppData/Roaming/Code/User/globalStorage/bmd.stm32-for-vscode/@xpack-dev-too
 551              		.file 4 "Middlewares/ST/STM32_USB_Device_Library/Core/Inc/usbd_def.h"
 552              		.file 5 "USB_DEVICE/App/usbd_desc.h"
 553              		.file 6 "Middlewares/ST/STM32_USB_Device_Library/Core/Inc/usbd_ctlreq.h"
ARM GAS  C:\Users\User\AppData\Local\Temp\cc7SKfwf.s 			page 20


DEFINED SYMBOLS
                            *ABS*:00000000 usbd_desc.c
C:\Users\User\AppData\Local\Temp\cc7SKfwf.s:21     .text.USBD_FS_DeviceDescriptor:00000000 $t
C:\Users\User\AppData\Local\Temp\cc7SKfwf.s:27     .text.USBD_FS_DeviceDescriptor:00000000 USBD_FS_DeviceDescriptor
C:\Users\User\AppData\Local\Temp\cc7SKfwf.s:49     .text.USBD_FS_DeviceDescriptor:00000008 $d
C:\Users\User\AppData\Local\Temp\cc7SKfwf.s:531    .data.USBD_FS_DeviceDesc:00000000 USBD_FS_DeviceDesc
C:\Users\User\AppData\Local\Temp\cc7SKfwf.s:54     .text.USBD_FS_LangIDStrDescriptor:00000000 $t
C:\Users\User\AppData\Local\Temp\cc7SKfwf.s:60     .text.USBD_FS_LangIDStrDescriptor:00000000 USBD_FS_LangIDStrDescriptor
C:\Users\User\AppData\Local\Temp\cc7SKfwf.s:82     .text.USBD_FS_LangIDStrDescriptor:00000008 $d
C:\Users\User\AppData\Local\Temp\cc7SKfwf.s:524    .data.USBD_LangIDDesc:00000000 USBD_LangIDDesc
C:\Users\User\AppData\Local\Temp\cc7SKfwf.s:87     .text.IntToUnicode:00000000 $t
C:\Users\User\AppData\Local\Temp\cc7SKfwf.s:92     .text.IntToUnicode:00000000 IntToUnicode
C:\Users\User\AppData\Local\Temp\cc7SKfwf.s:165    .text.Get_SerialNum:00000000 $t
C:\Users\User\AppData\Local\Temp\cc7SKfwf.s:170    .text.Get_SerialNum:00000000 Get_SerialNum
C:\Users\User\AppData\Local\Temp\cc7SKfwf.s:228    .text.Get_SerialNum:00000030 $d
C:\Users\User\AppData\Local\Temp\cc7SKfwf.s:509    .data.USBD_StringSerial:00000000 USBD_StringSerial
C:\Users\User\AppData\Local\Temp\cc7SKfwf.s:234    .text.USBD_FS_SerialStrDescriptor:00000000 $t
C:\Users\User\AppData\Local\Temp\cc7SKfwf.s:240    .text.USBD_FS_SerialStrDescriptor:00000000 USBD_FS_SerialStrDescriptor
C:\Users\User\AppData\Local\Temp\cc7SKfwf.s:267    .text.USBD_FS_SerialStrDescriptor:00000010 $d
C:\Users\User\AppData\Local\Temp\cc7SKfwf.s:272    .rodata.USBD_FS_ProductStrDescriptor.str1.4:00000000 $d
C:\Users\User\AppData\Local\Temp\cc7SKfwf.s:276    .text.USBD_FS_ProductStrDescriptor:00000000 $t
C:\Users\User\AppData\Local\Temp\cc7SKfwf.s:282    .text.USBD_FS_ProductStrDescriptor:00000000 USBD_FS_ProductStrDescriptor
C:\Users\User\AppData\Local\Temp\cc7SKfwf.s:328    .text.USBD_FS_ProductStrDescriptor:0000001c $d
C:\Users\User\AppData\Local\Temp\cc7SKfwf.s:517    .bss.USBD_StrDesc:00000000 USBD_StrDesc
C:\Users\User\AppData\Local\Temp\cc7SKfwf.s:334    .rodata.USBD_FS_ManufacturerStrDescriptor.str1.4:00000000 $d
C:\Users\User\AppData\Local\Temp\cc7SKfwf.s:338    .text.USBD_FS_ManufacturerStrDescriptor:00000000 $t
C:\Users\User\AppData\Local\Temp\cc7SKfwf.s:344    .text.USBD_FS_ManufacturerStrDescriptor:00000000 USBD_FS_ManufacturerStrDescriptor
C:\Users\User\AppData\Local\Temp\cc7SKfwf.s:375    .text.USBD_FS_ManufacturerStrDescriptor:00000014 $d
C:\Users\User\AppData\Local\Temp\cc7SKfwf.s:381    .rodata.USBD_FS_ConfigStrDescriptor.str1.4:00000000 $d
C:\Users\User\AppData\Local\Temp\cc7SKfwf.s:385    .text.USBD_FS_ConfigStrDescriptor:00000000 $t
C:\Users\User\AppData\Local\Temp\cc7SKfwf.s:391    .text.USBD_FS_ConfigStrDescriptor:00000000 USBD_FS_ConfigStrDescriptor
C:\Users\User\AppData\Local\Temp\cc7SKfwf.s:437    .text.USBD_FS_ConfigStrDescriptor:0000001c $d
C:\Users\User\AppData\Local\Temp\cc7SKfwf.s:443    .rodata.USBD_FS_InterfaceStrDescriptor.str1.4:00000000 $d
C:\Users\User\AppData\Local\Temp\cc7SKfwf.s:447    .text.USBD_FS_InterfaceStrDescriptor:00000000 $t
C:\Users\User\AppData\Local\Temp\cc7SKfwf.s:453    .text.USBD_FS_InterfaceStrDescriptor:00000000 USBD_FS_InterfaceStrDescriptor
C:\Users\User\AppData\Local\Temp\cc7SKfwf.s:499    .text.USBD_FS_InterfaceStrDescriptor:0000001c $d
C:\Users\User\AppData\Local\Temp\cc7SKfwf.s:506    .data.USBD_StringSerial:00000000 $d
C:\Users\User\AppData\Local\Temp\cc7SKfwf.s:514    .bss.USBD_StrDesc:00000000 $d
C:\Users\User\AppData\Local\Temp\cc7SKfwf.s:521    .data.USBD_LangIDDesc:00000000 $d
C:\Users\User\AppData\Local\Temp\cc7SKfwf.s:528    .data.USBD_FS_DeviceDesc:00000000 $d
C:\Users\User\AppData\Local\Temp\cc7SKfwf.s:539    .data.FS_Desc:00000000 FS_Desc
C:\Users\User\AppData\Local\Temp\cc7SKfwf.s:536    .data.FS_Desc:00000000 $d

UNDEFINED SYMBOLS
USBD_GetString
